#
# There is insufficient memory for the Java Runtime Environment to continue.
# Native memory allocation (mmap) failed to map 208666624 bytes for committing reserved memory.
# Possible reasons:
#   The system is out of physical RAM or swap space
#   The process is running with CompressedOops enabled, and the Java Heap may be blocking the growth of the native heap
# Possible solutions:
#   Reduce memory load on the system
#   Increase physical memory or swap space
#   Check if swap backing store is full
#   Decrease Java heap size (-Xmx/-Xms)
#   Decrease number of Java threads
#   Decrease Java thread stack sizes (-Xss)
#   Set larger code cache with -XX:ReservedCodeCacheSize=
#   JVM is running with Unscaled Compressed Oops mode in which the Java heap is
#     placed in the first 4GB address space. The Java Heap base address is the
#     maximum limit for the native heap growth. Please use -XX:HeapBaseMinAddress
#     to set the Java Heap base and to place the Java Heap above 4GB virtual address.
# This output file may be truncated or incomplete.
#
#  Out of Memory Error (os_linux.cpp:2866), pid=13460, tid=13472
#
# JRE version: OpenJDK Runtime Environment (11.0.7+10) (build 11.0.7+10-post-Ubuntu-2ubuntu218.04)
# Java VM: OpenJDK 64-Bit Server VM (11.0.7+10-post-Ubuntu-2ubuntu218.04, mixed mode, sharing, tiered, compressed oops, g1 gc, linux-amd64)
# Core dump will be written. Default location: Core dumps may be processed with "/usr/share/apport/apport %p %s %c %d %P %E" (or dumping to /home/bridgelabz/Videos/eureka-discovery/core.13460)
#

---------------  S U M M A R Y ------------

Command Line: -Dcom.sun.management.jmxremote -Dcom.sun.management.jmxremote.port=43569 -Dcom.sun.management.jmxremote.authenticate=false -Dcom.sun.management.jmxremote.ssl=false -Djava.rmi.server.hostname=localhost -Dspring.jmx.enabled=true -Dspring.application.admin.enabled=true -Djava.security.egd=file:/dev/./urandom -Xverify:none -XX:TieredStopAtLevel=1 -Dspring.boot.project.name=eureka-discovery -Dfile.encoding=UTF-8 com.eurekadiscovery.demo.EurekaDiscoveryApplication --spring.output.ansi.enabled=always

Host: Intel(R) Celeron(R) N4000 CPU @ 1.10GHz, 2 cores, 7G, Ubuntu 18.04.4 LTS
Time: Fri Jul 10 11:19:18 2020 IST elapsed time: 167 seconds (0d 0h 2m 47s)

---------------  T H R E A D  ---------------

Current thread (0x00007fc67c101000):  VMThread "VM Thread" [stack: 0x00007fc680584000,0x00007fc680684000] [id=13472]

Stack: [0x00007fc680584000,0x00007fc680684000],  sp=0x00007fc680681e40,  free space=1015k
Native frames: (J=compiled Java code, A=aot compiled Java code, j=interpreted, Vv=VM code, C=native code)
V  [libjvm.so+0xdf8009]
V  [libjvm.so+0xdf8c9b]
V  [libjvm.so+0x6514e5]
V  [libjvm.so+0xbcfd48]
V  [libjvm.so+0xbc739d]
V  [libjvm.so+0x77034f]
V  [libjvm.so+0x7705be]
V  [libjvm.so+0x77c630]
V  [libjvm.so+0x7f8339]
V  [libjvm.so+0x7f8f92]
V  [libjvm.so+0x7f93f9]
V  [libjvm.so+0x72ea4f]
V  [libjvm.so+0x73374a]
V  [libjvm.so+0xe03291]
V  [libjvm.so+0xdfa8d8]
V  [libjvm.so+0xe00a96]
V  [libjvm.so+0xe00fa0]
V  [libjvm.so+0xe01423]
V  [libjvm.so+0xd85acf]
V  [libjvm.so+0xbd59de]

VM_Operation (0x00007fc68638fc80): G1CollectForAllocation, mode: safepoint, requested by thread 0x00007fc67c01a800


---------------  P R O C E S S  ---------------

Threads class SMR info:
_java_thread_list=0x00007fc62c001320, length=17, elements={
0x00007fc67c01a800, 0x00007fc67c104000, 0x00007fc67c106000, 0x00007fc67c10b800,
0x00007fc67c10d800, 0x00007fc67c10f800, 0x00007fc67c11e000, 0x00007fc67c14c800,
0x00007fc67c77e800, 0x00007fc67c785000, 0x00007fc67c79e800, 0x00007fc634001000,
0x00007fc624001800, 0x00007fc638321000, 0x00007fc624003800, 0x00007fc624005000,
0x00007fc624005800
}

Java Threads: ( => current thread )
  0x00007fc67c01a800 JavaThread "main" [_thread_blocked, id=13462, stack(0x00007fc686293000,0x00007fc686394000)]
  0x00007fc67c104000 JavaThread "Reference Handler" daemon [_thread_blocked, id=13473, stack(0x00007fc680481000,0x00007fc680582000)]
  0x00007fc67c106000 JavaThread "Finalizer" daemon [_thread_blocked, id=13474, stack(0x00007fc680380000,0x00007fc680481000)]
  0x00007fc67c10b800 JavaThread "Signal Dispatcher" daemon [_thread_blocked, id=13475, stack(0x00007fc66480c000,0x00007fc66490d000)]
  0x00007fc67c10d800 JavaThread "C1 CompilerThread0" daemon [_thread_blocked, id=13476, stack(0x00007fc66470b000,0x00007fc66480c000)]
  0x00007fc67c10f800 JavaThread "Sweeper thread" daemon [_thread_blocked, id=13477, stack(0x00007fc66460a000,0x00007fc66470b000)]
  0x00007fc67c11e000 JavaThread "Common-Cleaner" daemon [_thread_blocked, id=13478, stack(0x00007fc664509000,0x00007fc66460a000)]
  0x00007fc67c14c800 JavaThread "Service Thread" daemon [_thread_blocked, id=13479, stack(0x00007fc664408000,0x00007fc664509000)]
  0x00007fc67c77e800 JavaThread "RMI TCP Accept-0" daemon [_thread_in_native, id=13483, stack(0x00007fc65c003000,0x00007fc65c104000)]
  0x00007fc67c785000 JavaThread "RMI TCP Accept-43569" daemon [_thread_in_native, id=13484, stack(0x00007fc655af6000,0x00007fc655bf7000)]
  0x00007fc67c79e800 JavaThread "RMI TCP Accept-0" daemon [_thread_in_native, id=13485, stack(0x00007fc6559f5000,0x00007fc655af6000)]
  0x00007fc634001000 JavaThread "Attach Listener" daemon [_thread_blocked, id=13488, stack(0x00007fc6557f2000,0x00007fc6558f3000)]
  0x00007fc624001800 JavaThread "RMI TCP Connection(idle)" daemon [_thread_blocked, id=13491, stack(0x00007fc6556f1000,0x00007fc6557f2000)]
  0x00007fc638321000 JavaThread "RMI Scheduler(0)" daemon [_thread_blocked, id=13492, stack(0x00007fc6555f0000,0x00007fc6556f1000)]
  0x00007fc624003800 JavaThread "RMI TCP Connection(idle)" daemon [_thread_blocked, id=13508, stack(0x00007fc6550ed000,0x00007fc6551ee000)]
  0x00007fc624005000 JavaThread "RMI TCP Connection(idle)" daemon [_thread_blocked, id=13550, stack(0x00007fc623dfe000,0x00007fc623eff000)]
  0x00007fc624005800 JavaThread "RMI TCP Connection(idle)" daemon [_thread_blocked, id=13553, stack(0x00007fc623eff000,0x00007fc624000000)]

Other Threads:
=>0x00007fc67c101000 VMThread "VM Thread" [stack: 0x00007fc680584000,0x00007fc680684000] [id=13472]
  0x00007fc67c7a1800 WatcherThread [stack: 0x00007fc6558f5000,0x00007fc6559f5000] [id=13486]
  0x00007fc67c033000 GCTaskThread "GC Thread#0" [stack: 0x00007fc682278000,0x00007fc682378000] [id=13467]
  0x00007fc648001000 GCTaskThread "GC Thread#1" [stack: 0x00007fc6640f7000,0x00007fc6641f7000] [id=13480]
  0x00007fc67c062000 ConcurrentGCThread "G1 Main Marker" [stack: 0x00007fc68146a000,0x00007fc68156a000] [id=13468]
  0x00007fc67c064000 ConcurrentGCThread "G1 Conc#0" [stack: 0x00007fc681368000,0x00007fc681468000] [id=13469]
  0x00007fc67c0ce800 ConcurrentGCThread "G1 Refine#0" [stack: 0x00007fc681064000,0x00007fc681164000] [id=13470]
  0x00007fc67c0d0800 ConcurrentGCThread "G1 Young RemSet Sampling" [stack: 0x00007fc680f62000,0x00007fc681062000] [id=13471]

Threads with active compile tasks:

VM state:at safepoint (normal execution)

VM Mutex/Monitor currently owned by a thread:  ([mutex/lock_event])
[0x00007fc67c0168f0] Threads_lock - owner thread: 0x00007fc67c101000
[0x00007fc67c0170d0] Heap_lock - owner thread: 0x00007fc67c01a800

Heap address: 0x000000008a400000, size: 1884 MB, Compressed Oops mode: 32-bit
Narrow klass base: 0x0000000800000000, Narrow klass shift: 3
Compressed class space size: 1073741824 Address: 0x0000000840000000

Heap:
 garbage-first heap   total 407552K, used 18016K [0x000000008a400000, 0x0000000100000000)
  region size 1024K, 3 young (3072K), 3 survivors (3072K)
 Metaspace       used 24507K, capacity 25512K, committed 25776K, reserved 1071104K
  class space    used 3414K, capacity 3828K, committed 3840K, reserved 1048576K
Heap Regions: E=young(eden), S=young(survivor), O=old, HS=humongous(starts), HC=humongous(continues), CS=collection set, F=free, A=archive, TAMS=top-at-mark-start (previous, next)
|   0|0x000000008a400000, 0x000000008a500000, 0x000000008a500000|100%| O|  |TAMS 0x000000008a500000, 0x000000008a400000| Untracked 
|   1|0x000000008a500000, 0x000000008a600000, 0x000000008a600000|100%| O|  |TAMS 0x000000008a600000, 0x000000008a500000| Untracked 
|   2|0x000000008a600000, 0x000000008a700000, 0x000000008a700000|100%| O|  |TAMS 0x000000008a700000, 0x000000008a600000| Untracked 
|   3|0x000000008a700000, 0x000000008a800000, 0x000000008a800000|100%| O|  |TAMS 0x000000008a800000, 0x000000008a700000| Untracked 
|   4|0x000000008a800000, 0x000000008a900000, 0x000000008a900000|100%| O|  |TAMS 0x000000008a900000, 0x000000008a800000| Untracked 
|   5|0x000000008a900000, 0x000000008aa00000, 0x000000008aa00000|100%| O|  |TAMS 0x000000008aa00000, 0x000000008a900000| Untracked 
|   6|0x000000008aa00000, 0x000000008ab00000, 0x000000008ab00000|100%| O|  |TAMS 0x000000008ab00000, 0x000000008aa00000| Untracked 
|   7|0x000000008ab00000, 0x000000008ac00000, 0x000000008ac00000|100%| O|  |TAMS 0x000000008ac00000, 0x000000008ab00000| Untracked 
|   8|0x000000008ac00000, 0x000000008ad00000, 0x000000008ad00000|100%| O|  |TAMS 0x000000008ad00000, 0x000000008ac00000| Untracked 
|   9|0x000000008ad00000, 0x000000008ae00000, 0x000000008ae00000|100%| O|  |TAMS 0x000000008ad7b800, 0x000000008ad00000| Untracked 
|  10|0x000000008ae00000, 0x000000008af00000, 0x000000008af00000|100%| O|  |TAMS 0x000000008ae00000, 0x000000008ae00000| Untracked 
|  11|0x000000008af00000, 0x000000008b000000, 0x000000008b000000|100%| O|  |TAMS 0x000000008af00000, 0x000000008af00000| Untracked 
|  12|0x000000008b000000, 0x000000008b100000, 0x000000008b100000|100%| O|  |TAMS 0x000000008b000000, 0x000000008b000000| Untracked 
|  13|0x000000008b100000, 0x000000008b200000, 0x000000008b200000|100%| O|  |TAMS 0x000000008b100000, 0x000000008b100000| Untracked 
|  14|0x000000008b200000, 0x000000008b25fe00, 0x000000008b300000| 37%| O|  |TAMS 0x000000008b200000, 0x000000008b200000| Untracked 
|  15|0x000000008b300000, 0x000000008b300000, 0x000000008b400000|  0%| F|  |TAMS 0x000000008b300000, 0x000000008b300000| Untracked 
|  16|0x000000008b400000, 0x000000008b400000, 0x000000008b500000|  0%| F|  |TAMS 0x000000008b400000, 0x000000008b400000| Untracked 
|  17|0x000000008b500000, 0x000000008b500000, 0x000000008b600000|  0%| F|  |TAMS 0x000000008b500000, 0x000000008b500000| Untracked 
|  18|0x000000008b600000, 0x000000008b600000, 0x000000008b700000|  0%| F|  |TAMS 0x000000008b600000, 0x000000008b600000| Untracked 
|  19|0x000000008b700000, 0x000000008b700000, 0x000000008b800000|  0%| F|  |TAMS 0x000000008b700000, 0x000000008b700000| Untracked 
|  20|0x000000008b800000, 0x000000008b800000, 0x000000008b900000|  0%| F|  |TAMS 0x000000008b800000, 0x000000008b800000| Untracked 
|  21|0x000000008b900000, 0x000000008b900000, 0x000000008ba00000|  0%| F|  |TAMS 0x000000008b900000, 0x000000008b900000| Untracked 
|  22|0x000000008ba00000, 0x000000008ba00000, 0x000000008bb00000|  0%| F|  |TAMS 0x000000008ba00000, 0x000000008ba00000| Untracked 
|  23|0x000000008bb00000, 0x000000008bb00000, 0x000000008bc00000|  0%| F|  |TAMS 0x000000008bb00000, 0x000000008bb00000| Untracked 
|  24|0x000000008bc00000, 0x000000008bc00000, 0x000000008bd00000|  0%| F|  |TAMS 0x000000008bc00000, 0x000000008bc00000| Untracked 
|  25|0x000000008bd00000, 0x000000008bd00000, 0x000000008be00000|  0%| F|  |TAMS 0x000000008bd00000, 0x000000008bd00000| Untracked 
|  26|0x000000008be00000, 0x000000008be00000, 0x000000008bf00000|  0%| F|  |TAMS 0x000000008be00000, 0x000000008be00000| Untracked 
|  27|0x000000008bf00000, 0x000000008bf00000, 0x000000008c000000|  0%| F|  |TAMS 0x000000008bf00000, 0x000000008bf00000| Untracked 
|  28|0x000000008c000000, 0x000000008c000000, 0x000000008c100000|  0%| F|  |TAMS 0x000000008c000000, 0x000000008c000000| Untracked 
|  29|0x000000008c100000, 0x000000008c100000, 0x000000008c200000|  0%| F|  |TAMS 0x000000008c100000, 0x000000008c100000| Untracked 
|  30|0x000000008c200000, 0x000000008c200000, 0x000000008c300000|  0%| F|  |TAMS 0x000000008c200000, 0x000000008c200000| Untracked 
|  31|0x000000008c300000, 0x000000008c300000, 0x000000008c400000|  0%| F|  |TAMS 0x000000008c300000, 0x000000008c300000| Untracked 
|  32|0x000000008c400000, 0x000000008c400000, 0x000000008c500000|  0%| F|  |TAMS 0x000000008c400000, 0x000000008c400000| Untracked 
|  33|0x000000008c500000, 0x000000008c500000, 0x000000008c600000|  0%| F|  |TAMS 0x000000008c500000, 0x000000008c500000| Untracked 
|  34|0x000000008c600000, 0x000000008c600000, 0x000000008c700000|  0%| F|  |TAMS 0x000000008c600000, 0x000000008c600000| Untracked 
|  35|0x000000008c700000, 0x000000008c700000, 0x000000008c800000|  0%| F|  |TAMS 0x000000008c700000, 0x000000008c700000| Untracked 
|  36|0x000000008c800000, 0x000000008c800000, 0x000000008c900000|  0%| F|  |TAMS 0x000000008c800000, 0x000000008c800000| Untracked 
|  37|0x000000008c900000, 0x000000008c900000, 0x000000008ca00000|  0%| F|  |TAMS 0x000000008c900000, 0x000000008c900000| Untracked 
|  38|0x000000008ca00000, 0x000000008ca00000, 0x000000008cb00000|  0%| F|  |TAMS 0x000000008ca00000, 0x000000008ca00000| Untracked 
|  39|0x000000008cb00000, 0x000000008cb00000, 0x000000008cc00000|  0%| F|  |TAMS 0x000000008cb00000, 0x000000008cb00000| Untracked 
|  40|0x000000008cc00000, 0x000000008cc00000, 0x000000008cd00000|  0%| F|  |TAMS 0x000000008cc00000, 0x000000008cc00000| Untracked 
|  41|0x000000008cd00000, 0x000000008cd00000, 0x000000008ce00000|  0%| F|  |TAMS 0x000000008cd00000, 0x000000008cd00000| Untracked 
|  42|0x000000008ce00000, 0x000000008ce00000, 0x000000008cf00000|  0%| F|  |TAMS 0x000000008ce00000, 0x000000008ce00000| Untracked 
|  43|0x000000008cf00000, 0x000000008cf00000, 0x000000008d000000|  0%| F|  |TAMS 0x000000008cf00000, 0x000000008cf00000| Untracked 
|  44|0x000000008d000000, 0x000000008d000000, 0x000000008d100000|  0%| F|  |TAMS 0x000000008d000000, 0x000000008d000000| Untracked 
|  45|0x000000008d100000, 0x000000008d100000, 0x000000008d200000|  0%| F|  |TAMS 0x000000008d100000, 0x000000008d100000| Untracked 
|  46|0x000000008d200000, 0x000000008d200000, 0x000000008d300000|  0%| F|  |TAMS 0x000000008d200000, 0x000000008d200000| Untracked 
|  47|0x000000008d300000, 0x000000008d300000, 0x000000008d400000|  0%| F|  |TAMS 0x000000008d300000, 0x000000008d300000| Untracked 
|  48|0x000000008d400000, 0x000000008d400000, 0x000000008d500000|  0%| F|  |TAMS 0x000000008d400000, 0x000000008d400000| Untracked 
|  49|0x000000008d500000, 0x000000008d500000, 0x000000008d600000|  0%| F|  |TAMS 0x000000008d500000, 0x000000008d500000| Untracked 
|  50|0x000000008d600000, 0x000000008d600000, 0x000000008d700000|  0%| F|  |TAMS 0x000000008d600000, 0x000000008d600000| Untracked 
|  51|0x000000008d700000, 0x000000008d700000, 0x000000008d800000|  0%| F|  |TAMS 0x000000008d700000, 0x000000008d700000| Untracked 
|  52|0x000000008d800000, 0x000000008d800000, 0x000000008d900000|  0%| F|  |TAMS 0x000000008d800000, 0x000000008d800000| Untracked 
|  53|0x000000008d900000, 0x000000008d900000, 0x000000008da00000|  0%| F|  |TAMS 0x000000008d900000, 0x000000008d900000| Untracked 
|  54|0x000000008da00000, 0x000000008da00000, 0x000000008db00000|  0%| F|  |TAMS 0x000000008da00000, 0x000000008da00000| Untracked 
|  55|0x000000008db00000, 0x000000008db00000, 0x000000008dc00000|  0%| F|  |TAMS 0x000000008db00000, 0x000000008db00000| Untracked 
|  56|0x000000008dc00000, 0x000000008dc00000, 0x000000008dd00000|  0%| F|  |TAMS 0x000000008dc00000, 0x000000008dc00000| Untracked 
|  57|0x000000008dd00000, 0x000000008dd00000, 0x000000008de00000|  0%| F|  |TAMS 0x000000008dd00000, 0x000000008dd00000| Untracked 
|  58|0x000000008de00000, 0x000000008de00000, 0x000000008df00000|  0%| F|  |TAMS 0x000000008de00000, 0x000000008de00000| Untracked 
|  59|0x000000008df00000, 0x000000008df00000, 0x000000008e000000|  0%| F|  |TAMS 0x000000008df00000, 0x000000008df00000| Untracked 
|  60|0x000000008e000000, 0x000000008e000000, 0x000000008e100000|  0%| F|  |TAMS 0x000000008e000000, 0x000000008e000000| Untracked 
|  61|0x000000008e100000, 0x000000008e100000, 0x000000008e200000|  0%| F|  |TAMS 0x000000008e100000, 0x000000008e100000| Untracked 
|  62|0x000000008e200000, 0x000000008e200000, 0x000000008e300000|  0%| F|  |TAMS 0x000000008e200000, 0x000000008e200000| Untracked 
|  63|0x000000008e300000, 0x000000008e300000, 0x000000008e400000|  0%| F|  |TAMS 0x000000008e300000, 0x000000008e300000| Untracked 
|  64|0x000000008e400000, 0x000000008e400000, 0x000000008e500000|  0%| F|  |TAMS 0x000000008e400000, 0x000000008e400000| Untracked 
|  65|0x000000008e500000, 0x000000008e500000, 0x000000008e600000|  0%| F|  |TAMS 0x000000008e500000, 0x000000008e500000| Untracked 
|  66|0x000000008e600000, 0x000000008e600000, 0x000000008e700000|  0%| F|  |TAMS 0x000000008e600000, 0x000000008e600000| Untracked 
|  67|0x000000008e700000, 0x000000008e700000, 0x000000008e800000|  0%| F|  |TAMS 0x000000008e700000, 0x000000008e700000| Untracked 
|  68|0x000000008e800000, 0x000000008e800000, 0x000000008e900000|  0%| F|  |TAMS 0x000000008e800000, 0x000000008e800000| Untracked 
|  69|0x000000008e900000, 0x000000008e900000, 0x000000008ea00000|  0%| F|  |TAMS 0x000000008e900000, 0x000000008e900000| Untracked 
|  70|0x000000008ea00000, 0x000000008ea00000, 0x000000008eb00000|  0%| F|  |TAMS 0x000000008ea00000, 0x000000008ea00000| Untracked 
|  71|0x000000008eb00000, 0x000000008eb00000, 0x000000008ec00000|  0%| F|  |TAMS 0x000000008eb00000, 0x000000008eb00000| Untracked 
|  72|0x000000008ec00000, 0x000000008ec00000, 0x000000008ed00000|  0%| F|  |TAMS 0x000000008ec00000, 0x000000008ec00000| Untracked 
|  73|0x000000008ed00000, 0x000000008ed00000, 0x000000008ee00000|  0%| F|  |TAMS 0x000000008ed00000, 0x000000008ed00000| Untracked 
|  74|0x000000008ee00000, 0x000000008ee00000, 0x000000008ef00000|  0%| F|  |TAMS 0x000000008ee00000, 0x000000008ee00000| Untracked 
|  75|0x000000008ef00000, 0x000000008ef00000, 0x000000008f000000|  0%| F|  |TAMS 0x000000008ef00000, 0x000000008ef00000| Untracked 
|  76|0x000000008f000000, 0x000000008f000000, 0x000000008f100000|  0%| F|  |TAMS 0x000000008f000000, 0x000000008f000000| Untracked 
|  77|0x000000008f100000, 0x000000008f100000, 0x000000008f200000|  0%| F|  |TAMS 0x000000008f100000, 0x000000008f100000| Untracked 
|  78|0x000000008f200000, 0x000000008f200000, 0x000000008f300000|  0%| F|  |TAMS 0x000000008f200000, 0x000000008f200000| Untracked 
|  79|0x000000008f300000, 0x000000008f300000, 0x000000008f400000|  0%| F|  |TAMS 0x000000008f300000, 0x000000008f300000| Untracked 
|  80|0x000000008f400000, 0x000000008f400000, 0x000000008f500000|  0%| F|  |TAMS 0x000000008f400000, 0x000000008f400000| Untracked 
|  81|0x000000008f500000, 0x000000008f500000, 0x000000008f600000|  0%| F|  |TAMS 0x000000008f500000, 0x000000008f500000| Untracked 
|  82|0x000000008f600000, 0x000000008f600000, 0x000000008f700000|  0%| F|  |TAMS 0x000000008f600000, 0x000000008f600000| Untracked 
|  83|0x000000008f700000, 0x000000008f700000, 0x000000008f800000|  0%| F|  |TAMS 0x000000008f700000, 0x000000008f700000| Untracked 
|  84|0x000000008f800000, 0x000000008f800000, 0x000000008f900000|  0%| F|  |TAMS 0x000000008f800000, 0x000000008f800000| Untracked 
|  85|0x000000008f900000, 0x000000008f900000, 0x000000008fa00000|  0%| F|  |TAMS 0x000000008f900000, 0x000000008f900000| Untracked 
|  86|0x000000008fa00000, 0x000000008fa00000, 0x000000008fb00000|  0%| F|  |TAMS 0x000000008fa00000, 0x000000008fa00000| Untracked 
|  87|0x000000008fb00000, 0x000000008fb00000, 0x000000008fc00000|  0%| F|  |TAMS 0x000000008fb00000, 0x000000008fb00000| Untracked 
|  88|0x000000008fc00000, 0x000000008fc00000, 0x000000008fd00000|  0%| F|  |TAMS 0x000000008fc00000, 0x000000008fc00000| Untracked 
|  89|0x000000008fd00000, 0x000000008fd00000, 0x000000008fe00000|  0%| F|  |TAMS 0x000000008fd00000, 0x000000008fd00000| Untracked 
|  90|0x000000008fe00000, 0x000000008fe00000, 0x000000008ff00000|  0%| F|  |TAMS 0x000000008fe00000, 0x000000008fe00000| Untracked 
|  91|0x000000008ff00000, 0x000000008ff00000, 0x0000000090000000|  0%| F|  |TAMS 0x000000008ff00000, 0x000000008ff00000| Untracked 
|  92|0x0000000090000000, 0x0000000090000000, 0x0000000090100000|  0%| F|  |TAMS 0x0000000090000000, 0x0000000090000000| Untracked 
|  93|0x0000000090100000, 0x0000000090100000, 0x0000000090200000|  0%| F|  |TAMS 0x0000000090100000, 0x0000000090100000| Untracked 
|  94|0x0000000090200000, 0x0000000090200000, 0x0000000090300000|  0%| F|  |TAMS 0x0000000090200000, 0x0000000090200000| Untracked 
|  95|0x0000000090300000, 0x0000000090300000, 0x0000000090400000|  0%| F|  |TAMS 0x0000000090300000, 0x0000000090300000| Untracked 
|  96|0x0000000090400000, 0x0000000090400000, 0x0000000090500000|  0%| F|  |TAMS 0x0000000090400000, 0x0000000090400000| Untracked 
|  97|0x0000000090500000, 0x0000000090500000, 0x0000000090600000|  0%| F|  |TAMS 0x0000000090500000, 0x0000000090500000| Untracked 
|  98|0x0000000090600000, 0x0000000090600000, 0x0000000090700000|  0%| F|  |TAMS 0x0000000090600000, 0x0000000090600000| Untracked 
|  99|0x0000000090700000, 0x0000000090700000, 0x0000000090800000|  0%| F|  |TAMS 0x0000000090700000, 0x0000000090700000| Untracked 
| 100|0x0000000090800000, 0x0000000090800000, 0x0000000090900000|  0%| F|  |TAMS 0x0000000090800000, 0x0000000090800000| Untracked 
| 101|0x0000000090900000, 0x0000000090900000, 0x0000000090a00000|  0%| F|  |TAMS 0x0000000090900000, 0x0000000090900000| Untracked 
| 102|0x0000000090a00000, 0x0000000090a00000, 0x0000000090b00000|  0%| F|  |TAMS 0x0000000090a00000, 0x0000000090a00000| Untracked 
| 103|0x0000000090b00000, 0x0000000090b00000, 0x0000000090c00000|  0%| F|  |TAMS 0x0000000090b00000, 0x0000000090b00000| Untracked 
| 104|0x0000000090c00000, 0x0000000090c00000, 0x0000000090d00000|  0%| F|  |TAMS 0x0000000090c00000, 0x0000000090c00000| Untracked 
| 105|0x0000000090d00000, 0x0000000090d00000, 0x0000000090e00000|  0%| F|  |TAMS 0x0000000090d00000, 0x0000000090d00000| Untracked 
| 106|0x0000000090e00000, 0x0000000090e00000, 0x0000000090f00000|  0%| F|  |TAMS 0x0000000090e00000, 0x0000000090e00000| Untracked 
| 107|0x0000000090f00000, 0x0000000090f00000, 0x0000000091000000|  0%| F|  |TAMS 0x0000000090f00000, 0x0000000090f00000| Untracked 
| 108|0x0000000091000000, 0x0000000091000000, 0x0000000091100000|  0%| F|  |TAMS 0x0000000091000000, 0x0000000091000000| Untracked 
| 109|0x0000000091100000, 0x0000000091100000, 0x0000000091200000|  0%| F|  |TAMS 0x0000000091100000, 0x0000000091100000| Untracked 
| 110|0x0000000091200000, 0x0000000091200000, 0x0000000091300000|  0%| F|  |TAMS 0x0000000091200000, 0x0000000091200000| Untracked 
| 111|0x0000000091300000, 0x0000000091300000, 0x0000000091400000|  0%| F|  |TAMS 0x0000000091300000, 0x0000000091300000| Untracked 
| 112|0x0000000091400000, 0x0000000091400000, 0x0000000091500000|  0%| F|  |TAMS 0x0000000091400000, 0x0000000091400000| Untracked 
| 113|0x0000000091500000, 0x0000000091500000, 0x0000000091600000|  0%| F|  |TAMS 0x0000000091500000, 0x0000000091500000| Untracked 
| 114|0x0000000091600000, 0x0000000091600000, 0x0000000091700000|  0%| F|  |TAMS 0x0000000091600000, 0x0000000091600000| Untracked 
| 115|0x0000000091700000, 0x0000000091700000, 0x0000000091800000|  0%| F|  |TAMS 0x0000000091700000, 0x0000000091700000| Untracked 
| 116|0x0000000091800000, 0x0000000091800000, 0x0000000091900000|  0%| F|  |TAMS 0x0000000091800000, 0x0000000091800000| Untracked 
| 117|0x0000000091900000, 0x0000000091900000, 0x0000000091a00000|  0%| F|  |TAMS 0x0000000091900000, 0x0000000091900000| Untracked 
| 118|0x0000000091a00000, 0x0000000091a00000, 0x0000000091b00000|  0%| F|  |TAMS 0x0000000091a00000, 0x0000000091a00000| Untracked 
| 119|0x0000000091b00000, 0x0000000091b00000, 0x0000000091c00000|  0%| F|  |TAMS 0x0000000091b00000, 0x0000000091b00000| Untracked 
| 120|0x0000000091c00000, 0x0000000091c00000, 0x0000000091d00000|  0%| F|  |TAMS 0x0000000091c00000, 0x0000000091c00000| Untracked 
| 121|0x0000000091d00000, 0x0000000091d00000, 0x0000000091e00000|  0%| F|  |TAMS 0x0000000091d00000, 0x0000000091d00000| Untracked 
| 122|0x0000000091e00000, 0x0000000091e00000, 0x0000000091f00000|  0%| F|  |TAMS 0x0000000091e00000, 0x0000000091e00000| Untracked 
| 123|0x0000000091f00000, 0x0000000091f00000, 0x0000000092000000|  0%| F|  |TAMS 0x0000000091f00000, 0x0000000091f00000| Untracked 
| 124|0x0000000092000000, 0x0000000092000000, 0x0000000092100000|  0%| F|  |TAMS 0x0000000092000000, 0x0000000092000000| Untracked 
| 125|0x0000000092100000, 0x0000000092100000, 0x0000000092200000|  0%| F|  |TAMS 0x0000000092100000, 0x0000000092100000| Untracked 
| 126|0x0000000092200000, 0x0000000092200000, 0x0000000092300000|  0%| F|  |TAMS 0x0000000092200000, 0x0000000092200000| Untracked 
| 127|0x0000000092300000, 0x0000000092300000, 0x0000000092400000|  0%| F|  |TAMS 0x0000000092300000, 0x0000000092300000| Untracked 
| 128|0x0000000092400000, 0x0000000092400000, 0x0000000092500000|  0%| F|  |TAMS 0x0000000092400000, 0x0000000092400000| Untracked 
| 129|0x0000000092500000, 0x0000000092500000, 0x0000000092600000|  0%| F|  |TAMS 0x0000000092500000, 0x0000000092500000| Untracked 
| 130|0x0000000092600000, 0x0000000092600000, 0x0000000092700000|  0%| F|  |TAMS 0x0000000092600000, 0x0000000092600000| Untracked 
| 131|0x0000000092700000, 0x0000000092700000, 0x0000000092800000|  0%| F|  |TAMS 0x0000000092700000, 0x0000000092700000| Untracked 
| 132|0x0000000092800000, 0x0000000092800000, 0x0000000092900000|  0%| F|  |TAMS 0x0000000092800000, 0x0000000092800000| Untracked 
| 133|0x0000000092900000, 0x0000000092900000, 0x0000000092a00000|  0%| F|  |TAMS 0x0000000092900000, 0x0000000092900000| Untracked 
| 134|0x0000000092a00000, 0x0000000092a00000, 0x0000000092b00000|  0%| F|  |TAMS 0x0000000092a00000, 0x0000000092a00000| Untracked 
| 135|0x0000000092b00000, 0x0000000092b00000, 0x0000000092c00000|  0%| F|  |TAMS 0x0000000092b00000, 0x0000000092b00000| Untracked 
| 136|0x0000000092c00000, 0x0000000092c00000, 0x0000000092d00000|  0%| F|  |TAMS 0x0000000092c00000, 0x0000000092c00000| Untracked 
| 137|0x0000000092d00000, 0x0000000092d00000, 0x0000000092e00000|  0%| F|  |TAMS 0x0000000092d00000, 0x0000000092d00000| Untracked 
| 138|0x0000000092e00000, 0x0000000092e00000, 0x0000000092f00000|  0%| F|  |TAMS 0x0000000092e00000, 0x0000000092e00000| Untracked 
| 139|0x0000000092f00000, 0x0000000092f00000, 0x0000000093000000|  0%| F|  |TAMS 0x0000000092f00000, 0x0000000092f00000| Untracked 
| 140|0x0000000093000000, 0x0000000093000000, 0x0000000093100000|  0%| F|  |TAMS 0x0000000093000000, 0x0000000093000000| Untracked 
| 141|0x0000000093100000, 0x0000000093100000, 0x0000000093200000|  0%| F|  |TAMS 0x0000000093100000, 0x0000000093100000| Untracked 
| 142|0x0000000093200000, 0x0000000093200000, 0x0000000093300000|  0%| F|  |TAMS 0x0000000093200000, 0x0000000093200000| Untracked 
| 143|0x0000000093300000, 0x0000000093300000, 0x0000000093400000|  0%| F|  |TAMS 0x0000000093300000, 0x0000000093300000| Untracked 
| 144|0x0000000093400000, 0x0000000093400000, 0x0000000093500000|  0%| F|  |TAMS 0x0000000093400000, 0x0000000093400000| Untracked 
| 145|0x0000000093500000, 0x0000000093500000, 0x0000000093600000|  0%| F|  |TAMS 0x0000000093500000, 0x0000000093500000| Untracked 
| 146|0x0000000093600000, 0x0000000093600000, 0x0000000093700000|  0%| F|  |TAMS 0x0000000093600000, 0x0000000093600000| Untracked 
| 147|0x0000000093700000, 0x0000000093700000, 0x0000000093800000|  0%| F|  |TAMS 0x0000000093700000, 0x0000000093700000| Untracked 
| 148|0x0000000093800000, 0x0000000093800000, 0x0000000093900000|  0%| F|  |TAMS 0x0000000093800000, 0x0000000093800000| Untracked 
| 149|0x0000000093900000, 0x0000000093900000, 0x0000000093a00000|  0%| F|  |TAMS 0x0000000093900000, 0x0000000093900000| Untracked 
| 150|0x0000000093a00000, 0x0000000093a00000, 0x0000000093b00000|  0%| F|  |TAMS 0x0000000093a00000, 0x0000000093a00000| Untracked 
| 151|0x0000000093b00000, 0x0000000093b00000, 0x0000000093c00000|  0%| F|  |TAMS 0x0000000093b00000, 0x0000000093b00000| Untracked 
| 152|0x0000000093c00000, 0x0000000093c00000, 0x0000000093d00000|  0%| F|  |TAMS 0x0000000093c00000, 0x0000000093c00000| Untracked 
| 153|0x0000000093d00000, 0x0000000093d00000, 0x0000000093e00000|  0%| F|  |TAMS 0x0000000093d00000, 0x0000000093d00000| Untracked 
| 154|0x0000000093e00000, 0x0000000093e00000, 0x0000000093f00000|  0%| F|  |TAMS 0x0000000093e00000, 0x0000000093e00000| Untracked 
| 155|0x0000000093f00000, 0x0000000093f00000, 0x0000000094000000|  0%| F|  |TAMS 0x0000000093f00000, 0x0000000093f00000| Untracked 
| 156|0x0000000094000000, 0x0000000094000000, 0x0000000094100000|  0%| F|  |TAMS 0x0000000094000000, 0x0000000094000000| Untracked 
| 157|0x0000000094100000, 0x0000000094100000, 0x0000000094200000|  0%| F|  |TAMS 0x0000000094100000, 0x0000000094100000| Untracked 
| 158|0x0000000094200000, 0x0000000094200000, 0x0000000094300000|  0%| F|  |TAMS 0x0000000094200000, 0x0000000094200000| Untracked 
| 159|0x0000000094300000, 0x0000000094300000, 0x0000000094400000|  0%| F|  |TAMS 0x0000000094300000, 0x0000000094300000| Untracked 
| 160|0x0000000094400000, 0x0000000094400000, 0x0000000094500000|  0%| F|  |TAMS 0x0000000094400000, 0x0000000094400000| Untracked 
| 161|0x0000000094500000, 0x0000000094500000, 0x0000000094600000|  0%| F|  |TAMS 0x0000000094500000, 0x0000000094500000| Untracked 
| 162|0x0000000094600000, 0x0000000094600000, 0x0000000094700000|  0%| F|  |TAMS 0x0000000094600000, 0x0000000094600000| Untracked 
| 163|0x0000000094700000, 0x0000000094700000, 0x0000000094800000|  0%| F|  |TAMS 0x0000000094700000, 0x0000000094700000| Untracked 
| 164|0x0000000094800000, 0x0000000094800000, 0x0000000094900000|  0%| F|  |TAMS 0x0000000094800000, 0x0000000094800000| Untracked 
| 165|0x0000000094900000, 0x0000000094900000, 0x0000000094a00000|  0%| F|  |TAMS 0x0000000094900000, 0x0000000094900000| Untracked 
| 166|0x0000000094a00000, 0x0000000094a00000, 0x0000000094b00000|  0%| F|  |TAMS 0x0000000094a00000, 0x0000000094a00000| Untracked 
| 167|0x0000000094b00000, 0x0000000094b00000, 0x0000000094c00000|  0%| F|  |TAMS 0x0000000094b00000, 0x0000000094b00000| Untracked 
| 168|0x0000000094c00000, 0x0000000094c00000, 0x0000000094d00000|  0%| F|  |TAMS 0x0000000094c00000, 0x0000000094c00000| Untracked 
| 169|0x0000000094d00000, 0x0000000094d00000, 0x0000000094e00000|  0%| F|  |TAMS 0x0000000094d00000, 0x0000000094d00000| Untracked 
| 170|0x0000000094e00000, 0x0000000094e00000, 0x0000000094f00000|  0%| F|  |TAMS 0x0000000094e00000, 0x0000000094e00000| Untracked 
| 171|0x0000000094f00000, 0x0000000094f00000, 0x0000000095000000|  0%| F|  |TAMS 0x0000000094f00000, 0x0000000094f00000| Untracked 
| 172|0x0000000095000000, 0x0000000095000000, 0x0000000095100000|  0%| F|  |TAMS 0x0000000095000000, 0x0000000095000000| Untracked 
| 173|0x0000000095100000, 0x0000000095187420, 0x0000000095200000| 52%| S|CS|TAMS 0x0000000095100000, 0x0000000095100000| Complete 
| 174|0x0000000095200000, 0x0000000095300000, 0x0000000095300000|100%| S|CS|TAMS 0x0000000095200000, 0x0000000095200000| Complete 
| 175|0x0000000095300000, 0x0000000095400000, 0x0000000095400000|100%| S|CS|TAMS 0x0000000095300000, 0x0000000095300000| Complete 
| 176|0x0000000095400000, 0x0000000095400000, 0x0000000095500000|  0%| F|  |TAMS 0x0000000095400000, 0x0000000095400000| Untracked 
| 177|0x0000000095500000, 0x0000000095500000, 0x0000000095600000|  0%| F|  |TAMS 0x0000000095500000, 0x0000000095500000| Untracked 
| 178|0x0000000095600000, 0x0000000095600000, 0x0000000095700000|  0%| F|  |TAMS 0x0000000095600000, 0x0000000095600000| Untracked 
| 179|0x0000000095700000, 0x0000000095700000, 0x0000000095800000|  0%| F|  |TAMS 0x0000000095700000, 0x0000000095700000| Untracked 
| 180|0x0000000095800000, 0x0000000095800000, 0x0000000095900000|  0%| F|  |TAMS 0x0000000095800000, 0x0000000095800000| Untracked 
| 181|0x0000000095900000, 0x0000000095900000, 0x0000000095a00000|  0%| F|  |TAMS 0x0000000095900000, 0x0000000095900000| Untracked 
| 182|0x0000000095a00000, 0x0000000095a00000, 0x0000000095b00000|  0%| F|  |TAMS 0x0000000095a00000, 0x0000000095a00000| Untracked 
| 183|0x0000000095b00000, 0x0000000095b00000, 0x0000000095c00000|  0%| F|  |TAMS 0x0000000095b00000, 0x0000000095b00000| Untracked 
| 184|0x0000000095c00000, 0x0000000095c00000, 0x0000000095d00000|  0%| F|  |TAMS 0x0000000095c00000, 0x0000000095c00000| Untracked 
| 185|0x0000000095d00000, 0x0000000095d00000, 0x0000000095e00000|  0%| F|  |TAMS 0x0000000095d00000, 0x0000000095d00000| Untracked 
| 186|0x0000000095e00000, 0x0000000095e00000, 0x0000000095f00000|  0%| F|  |TAMS 0x0000000095e00000, 0x0000000095e00000| Untracked 
| 187|0x0000000095f00000, 0x0000000095f00000, 0x0000000096000000|  0%| F|  |TAMS 0x0000000095f00000, 0x0000000095f00000| Untracked 
| 188|0x0000000096000000, 0x0000000096000000, 0x0000000096100000|  0%| F|  |TAMS 0x0000000096000000, 0x0000000096000000| Untracked 
| 189|0x0000000096100000, 0x0000000096100000, 0x0000000096200000|  0%| F|  |TAMS 0x0000000096100000, 0x0000000096100000| Untracked 
| 190|0x0000000096200000, 0x0000000096200000, 0x0000000096300000|  0%| F|  |TAMS 0x0000000096200000, 0x0000000096200000| Untracked 
| 191|0x0000000096300000, 0x0000000096300000, 0x0000000096400000|  0%| F|  |TAMS 0x0000000096300000, 0x0000000096300000| Untracked 
| 192|0x0000000096400000, 0x0000000096400000, 0x0000000096500000|  0%| F|  |TAMS 0x0000000096400000, 0x0000000096400000| Untracked 
| 193|0x0000000096500000, 0x0000000096500000, 0x0000000096600000|  0%| F|  |TAMS 0x0000000096500000, 0x0000000096500000| Untracked 
| 194|0x0000000096600000, 0x0000000096600000, 0x0000000096700000|  0%| F|  |TAMS 0x0000000096600000, 0x0000000096600000| Untracked 
| 195|0x0000000096700000, 0x0000000096700000, 0x0000000096800000|  0%| F|  |TAMS 0x0000000096700000, 0x0000000096700000| Untracked 
| 196|0x0000000096800000, 0x0000000096800000, 0x0000000096900000|  0%| F|  |TAMS 0x0000000096800000, 0x0000000096800000| Untracked 
|1882|0x00000000ffe00000, 0x00000000ffe47000, 0x00000000fff00000| 27%|OA|  |TAMS 0x00000000ffe47000, 0x00000000ffe00000| Untracked 
|1883|0x00000000fff00000, 0x00000000fff6a000, 0x0000000100000000| 41%|CA|  |TAMS 0x00000000fff6a000, 0x00000000fff00000| Untracked 

Card table byte_map: [0x00007fc681918000,0x00007fc681cc6000] _byte_map_base: 0x00007fc6814c6000

Marking Bits (Prev, Next): (CMBitMap*) 0x00007fc67c059b28, (CMBitMap*) 0x00007fc67c059b60
 Prev Bits: [0x00007fc65e290000, 0x00007fc660000000)
 Next Bits: [0x00007fc65c520000, 0x00007fc65e290000)

Polling page: 0x00007fc6863ab000

Metaspace:

Usage:
  Non-class:     21.18 MB capacity,    20.60 MB ( 97%) used,   488.16 KB (  2%) free+waste,   103.12 KB ( <1%) overhead. 
      Class:      3.74 MB capacity,     3.33 MB ( 89%) used,   359.43 KB (  9%) free+waste,    53.75 KB (  1%) overhead. 
       Both:     24.91 MB capacity,    23.93 MB ( 96%) used,   847.59 KB (  3%) free+waste,   156.88 KB ( <1%) overhead. 

Virtual space:
  Non-class space:       22.00 MB reserved,      21.42 MB ( 97%) committed 
      Class space:        1.00 GB reserved,       3.75 MB ( <1%) committed 
             Both:        1.02 GB reserved,      25.17 MB (  2%) committed 

Chunk freelists:
   Non-Class:  80.00 KB
       Class:  12.00 KB
        Both:  92.00 KB

MaxMetaspaceSize: unlimited
CompressedClassSpaceSize: 1.00 GB

CodeHeap 'non-profiled nmethods': size=239512Kb used=5944Kb max_used=5944Kb free=233567Kb
 bounds [0x00007fc664f27000, 0x00007fc6654f7000, 0x00007fc67390d000]
CodeHeap 'non-nmethods': size=6248Kb used=1165Kb max_used=1165Kb free=5082Kb
 bounds [0x00007fc66490d000, 0x00007fc664b7d000, 0x00007fc664f27000]
 total_blobs=4217 nmethods=3667 adapters=442
 compilation: enabled
              stopped_count=0, restarted_count=0
 full_count=0

Compilation events (20 events):
Event: 157.730 Thread 0x00007fc67c10d800 3737       1       org.springframework.core.type.StandardAnnotationMetadata::isAnnotatedMethod (29 bytes)
Event: 157.737 Thread 0x00007fc67c10d800 nmethod 3737 0x00007fc6654f0790 code [0x00007fc6654f09a0, 0x00007fc6654f0d78]
Event: 157.775 Thread 0x00007fc67c10d800 3738   !   1       org.springframework.core.annotation.AnnotationsScanner::processElement (47 bytes)
Event: 157.776 Thread 0x00007fc67c10d800 nmethod 3738 0x00007fc6654f0f90 code [0x00007fc6654f1160, 0x00007fc6654f1378]
Event: 157.776 Thread 0x00007fc67c10d800 3739   !   1       org.springframework.util.ReflectionUtils::getDeclaredMethods (209 bytes)
Event: 157.801 Thread 0x00007fc67c10d800 nmethod 3739 0x00007fc6654f1510 code [0x00007fc6654f1880, 0x00007fc6654f2588]
Event: 157.803 Thread 0x00007fc67c10d800 3740       1       org.springframework.beans.factory.support.RootBeanDefinition::<init> (48 bytes)
Event: 157.804 Thread 0x00007fc67c10d800 nmethod 3740 0x00007fc6654f2f90 code [0x00007fc6654f3160, 0x00007fc6654f3448]
Event: 157.898 Thread 0x00007fc67c10d800 3741       1       org.springframework.core.ResolvableType::hasGenerics (14 bytes)
Event: 157.898 Thread 0x00007fc67c10d800 nmethod 3741 0x00007fc6654f3510 code [0x00007fc6654f36c0, 0x00007fc6654f3828]
Event: 157.906 Thread 0x00007fc67c10d800 3744       1       org.springframework.beans.factory.support.AbstractBeanDefinition::resolveBeanClass (24 bytes)
Event: 157.906 Thread 0x00007fc67c10d800 nmethod 3744 0x00007fc6654f3910 code [0x00007fc6654f3ae0, 0x00007fc6654f3dd8]
Event: 157.907 Thread 0x00007fc67c10d800 3745       1       org.springframework.context.annotation.ConfigurationClassBeanDefinitionReader$ConfigurationClassBeanDefinition::getFactoryMethodMetadata (5 bytes)
Event: 157.907 Thread 0x00007fc67c10d800 nmethod 3745 0x00007fc6654f3f10 code [0x00007fc6654f40c0, 0x00007fc6654f41f0]
Event: 157.907 Thread 0x00007fc67c10d800 3743       1       org.springframework.cloud.autoconfigure.RefreshAutoConfiguration$RefreshScopeBeanDefinitionEnhancer::isApplicable (86 bytes)
Event: 157.908 Thread 0x00007fc67c10d800 nmethod 3743 0x00007fc6654f4290 code [0x00007fc6654f44a0, 0x00007fc6654f48a8]
Event: 157.908 Thread 0x00007fc67c10d800 3746       1       org.springframework.beans.factory.annotation.AnnotatedGenericBeanDefinition::getFactoryMethodMetadata (5 bytes)
Event: 157.908 Thread 0x00007fc67c10d800 nmethod 3746 0x00007fc6654f4b10 code [0x00007fc6654f4cc0, 0x00007fc6654f4df0]
Event: 157.908 Thread 0x00007fc67c10d800 3742       1       org.springframework.boot.context.properties.bind.Bindable::<init> (26 bytes)
Event: 157.908 Thread 0x00007fc67c10d800 nmethod 3742 0x00007fc6654f4e90 code [0x00007fc6654f5040, 0x00007fc6654f52f0]

GC Heap History (20 events):
Event: 0.770 GC heap after
{Heap after GC invocations=2 (full 0):
 garbage-first heap   total 122880K, used 5734K [0x000000008a400000, 0x0000000100000000)
  region size 1024K, 1 young (1024K), 1 survivors (1024K)
 Metaspace       used 415K, capacity 4518K, committed 4864K, reserved 1056768K
  class space    used 41K, capacity 399K, committed 512K, reserved 1048576K
}
Event: 2.841 GC heap before
{Heap before GC invocations=2 (full 0):
 garbage-first heap   total 122880K, used 53862K [0x000000008a400000, 0x0000000100000000)
  region size 1024K, 48 young (49152K), 1 survivors (1024K)
 Metaspace       used 11408K, capacity 11982K, committed 12288K, reserved 1060864K
  class space    used 1502K, capacity 1739K, committed 1792K, reserved 1048576K
}
Event: 2.876 GC heap after
{Heap after GC invocations=3 (full 0):
 garbage-first heap   total 122880K, used 10667K [0x000000008a400000, 0x0000000100000000)
  region size 1024K, 6 young (6144K), 6 survivors (6144K)
 Metaspace       used 11408K, capacity 11982K, committed 12288K, reserved 1060864K
  class space    used 1502K, capacity 1739K, committed 1792K, reserved 1048576K
}
Event: 3.325 GC heap before
{Heap before GC invocations=3 (full 0):
 garbage-first heap   total 122880K, used 50603K [0x000000008a400000, 0x0000000100000000)
  region size 1024K, 45 young (46080K), 6 survivors (6144K)
 Metaspace       used 15772K, capacity 16524K, committed 16640K, reserved 1062912K
  class space    used 2209K, capacity 2511K, committed 2560K, reserved 1048576K
}
Event: 3.367 GC heap after
{Heap after GC invocations=4 (full 0):
 garbage-first heap   total 122880K, used 12088K [0x000000008a400000, 0x0000000100000000)
  region size 1024K, 2 young (2048K), 2 survivors (2048K)
 Metaspace       used 15772K, capacity 16524K, committed 16640K, reserved 1062912K
  class space    used 2209K, capacity 2511K, committed 2560K, reserved 1048576K
}
Event: 4.029 GC heap before
{Heap before GC invocations=4 (full 0):
 garbage-first heap   total 122880K, used 43832K [0x000000008a400000, 0x0000000100000000)
  region size 1024K, 35 young (35840K), 2 survivors (2048K)
 Metaspace       used 20266K, capacity 21178K, committed 21296K, reserved 1067008K
  class space    used 2762K, capacity 3150K, committed 3200K, reserved 1048576K
}
Event: 4.053 GC heap after
{Heap after GC invocations=5 (full 0):
 garbage-first heap   total 203776K, used 13861K [0x000000008a400000, 0x0000000100000000)
  region size 1024K, 4 young (4096K), 4 survivors (4096K)
 Metaspace       used 20266K, capacity 21178K, committed 21296K, reserved 1067008K
  class space    used 2762K, capacity 3150K, committed 3200K, reserved 1048576K
}
Event: 20.983 GC heap before
{Heap before GC invocations=6 (full 0):
 garbage-first heap   total 203776K, used 60965K [0x000000008a400000, 0x0000000100000000)
  region size 1024K, 50 young (51200K), 4 survivors (4096K)
 Metaspace       used 21309K, capacity 22285K, committed 22448K, reserved 1069056K
  class space    used 2900K, capacity 3301K, committed 3328K, reserved 1048576K
}
Event: 21.010 GC heap after
{Heap after GC invocations=7 (full 0):
 garbage-first heap   total 203776K, used 15074K [0x000000008a400000, 0x0000000100000000)
  region size 1024K, 5 young (5120K), 5 survivors (5120K)
 Metaspace       used 21309K, capacity 22285K, committed 22448K, reserved 1069056K
  class space    used 2900K, capacity 3301K, committed 3328K, reserved 1048576K
}
Event: 65.611 GC heap before
{Heap before GC invocations=8 (full 0):
 garbage-first heap   total 203776K, used 71394K [0x000000008a400000, 0x0000000100000000)
  region size 1024K, 60 young (61440K), 5 survivors (5120K)
 Metaspace       used 21574K, capacity 22572K, committed 22832K, reserved 1069056K
  class space    used 2946K, capacity 3348K, committed 3456K, reserved 1048576K
}
Event: 68.669 GC heap after
{Heap after GC invocations=9 (full 0):
 garbage-first heap   total 203776K, used 15561K [0x000000008a400000, 0x0000000100000000)
  region size 1024K, 4 young (4096K), 4 survivors (4096K)
 Metaspace       used 21574K, capacity 22572K, committed 22832K, reserved 1069056K
  class space    used 2946K, capacity 3348K, committed 3456K, reserved 1048576K
}
Event: 84.891 GC heap before
{Heap before GC invocations=9 (full 0):
 garbage-first heap   total 203776K, used 20681K [0x000000008a400000, 0x0000000100000000)
  region size 1024K, 9 young (9216K), 4 survivors (4096K)
 Metaspace       used 21607K, capacity 22587K, committed 22832K, reserved 1069056K
  class space    used 2952K, capacity 3351K, committed 3456K, reserved 1048576K
}
Event: 84.935 GC heap after
{Heap after GC invocations=10 (full 0):
 garbage-first heap   total 203776K, used 16084K [0x000000008a400000, 0x0000000100000000)
  region size 1024K, 2 young (2048K), 2 survivors (2048K)
 Metaspace       used 21607K, capacity 22587K, committed 22832K, reserved 1069056K
  class space    used 2952K, capacity 3351K, committed 3456K, reserved 1048576K
}
Event: 87.581 GC heap before
{Heap before GC invocations=10 (full 0):
 garbage-first heap   total 203776K, used 23252K [0x000000008a400000, 0x0000000100000000)
  region size 1024K, 9 young (9216K), 2 survivors (2048K)
 Metaspace       used 21697K, capacity 22657K, committed 22832K, reserved 1069056K
  class space    used 2964K, capacity 3352K, committed 3456K, reserved 1048576K
}
Event: 87.607 GC heap after
{Heap after GC invocations=11 (full 0):
 garbage-first heap   total 203776K, used 15872K [0x000000008a400000, 0x0000000100000000)
  region size 1024K, 2 young (2048K), 2 survivors (2048K)
 Metaspace       used 21697K, capacity 22657K, committed 22832K, reserved 1069056K
  class space    used 2964K, capacity 3352K, committed 3456K, reserved 1048576K
}
Event: 99.443 GC heap before
{Heap before GC invocations=11 (full 0):
 garbage-first heap   total 203776K, used 31232K [0x000000008a400000, 0x0000000100000000)
  region size 1024K, 17 young (17408K), 2 survivors (2048K)
 Metaspace       used 22576K, capacity 23608K, committed 23984K, reserved 1069056K
  class space    used 3085K, capacity 3495K, committed 3584K, reserved 1048576K
}
Event: 100.110 GC heap after
{Heap after GC invocations=12 (full 0):
 garbage-first heap   total 203776K, used 16415K [0x000000008a400000, 0x0000000100000000)
  region size 1024K, 2 young (2048K), 2 survivors (2048K)
 Metaspace       used 22576K, capacity 23608K, committed 23984K, reserved 1069056K
  class space    used 3085K, capacity 3495K, committed 3584K, reserved 1048576K
}
Event: 112.286 GC heap before
{Heap before GC invocations=12 (full 0):
 garbage-first heap   total 203776K, used 25631K [0x000000008a400000, 0x0000000100000000)
  region size 1024K, 11 young (11264K), 2 survivors (2048K)
 Metaspace       used 22996K, capacity 24004K, committed 24240K, reserved 1071104K
  class space    used 3165K, capacity 3562K, committed 3584K, reserved 1048576K
}
Event: 112.626 GC heap after
{Heap after GC invocations=13 (full 0):
 garbage-first heap   total 203776K, used 16905K [0x000000008a400000, 0x0000000100000000)
  region size 1024K, 2 young (2048K), 2 survivors (2048K)
 Metaspace       used 22996K, capacity 24004K, committed 24240K, reserved 1071104K
  class space    used 3165K, capacity 3562K, committed 3584K, reserved 1048576K
}
Event: 162.843 GC heap before
{Heap before GC invocations=13 (full 0):
 garbage-first heap   total 203776K, used 36361K [0x000000008a400000, 0x0000000100000000)
  region size 1024K, 21 young (21504K), 2 survivors (2048K)
 Metaspace       used 24507K, capacity 25512K, committed 25776K, reserved 1071104K
  class space    used 3414K, capacity 3828K, committed 3840K, reserved 1048576K
}

Deoptimization events (0 events):
No events

Classes redefined (0 events):
No events

Internal exceptions (20 events):
Event: 110.776 Thread 0x00007fc624003800 Exception <a 'java/lang/ClassNotFoundException'{0x0000000096640b00}: org/springframework/context/support/LiveBeansView> (0x0000000096640b00) thrown at [./src/hotspot/share/classfile/systemDictionary.cpp, line 231]
Event: 110.776 Thread 0x00007fc624003800 Exception <a 'java/lang/ClassNotFoundException'{0x0000000096640ea0}: org/springframework/context/support/LiveBeansView> (0x0000000096640ea0) thrown at [./src/hotspot/share/classfile/systemDictionary.cpp, line 231]
Event: 110.776 Thread 0x00007fc624003800 Exception <a 'java/lang/ClassNotFoundException'{0x0000000096641260}: org/springframework/context/support/LiveBeansView> (0x0000000096641260) thrown at [./src/hotspot/share/classfile/systemDictionary.cpp, line 231]
Event: 110.776 Thread 0x00007fc624003800 Exception <a 'java/lang/ClassNotFoundException'{0x0000000096641620}: org/springframework/context/support/LiveBeansView> (0x0000000096641620) thrown at [./src/hotspot/share/classfile/systemDictionary.cpp, line 231]
Event: 110.776 Thread 0x00007fc624003800 Exception <a 'java/lang/ClassNotFoundException'{0x00000000966419d8}: org/springframework/context/support/LiveBeansView> (0x00000000966419d8) thrown at [./src/hotspot/share/classfile/systemDictionary.cpp, line 231]
Event: 110.777 Thread 0x00007fc624003800 Exception <a 'java/lang/ClassNotFoundException'{0x0000000096641d98}: org/springframework/context/support/LiveBeansView> (0x0000000096641d98) thrown at [./src/hotspot/share/classfile/systemDictionary.cpp, line 231]
Event: 110.777 Thread 0x00007fc624003800 Exception <a 'java/lang/ClassNotFoundException'{0x0000000096642138}: org/springframework/context/support/LiveBeansView> (0x0000000096642138) thrown at [./src/hotspot/share/classfile/systemDictionary.cpp, line 231]
Event: 110.777 Thread 0x00007fc624003800 Exception <a 'java/lang/ClassNotFoundException'{0x00000000966424f0}: org/springframework/context/support/LiveBeansView> (0x00000000966424f0) thrown at [./src/hotspot/share/classfile/systemDictionary.cpp, line 231]
Event: 110.777 Thread 0x00007fc624003800 Exception <a 'java/lang/ClassNotFoundException'{0x00000000966428a0}: org/springframework/context/support/LiveBeansView> (0x00000000966428a0) thrown at [./src/hotspot/share/classfile/systemDictionary.cpp, line 231]
Event: 110.777 Thread 0x00007fc624003800 Exception <a 'java/lang/ClassNotFoundException'{0x0000000096642e90}: org/springframework/context/support/LiveBeansView> (0x0000000096642e90) thrown at [./src/hotspot/share/classfile/systemDictionary.cpp, line 231]
Event: 110.777 Thread 0x00007fc624003800 Exception <a 'java/lang/ClassNotFoundException'{0x0000000096643238}: org/springframework/context/support/LiveBeansView> (0x0000000096643238) thrown at [./src/hotspot/share/classfile/systemDictionary.cpp, line 231]
Event: 110.777 Thread 0x00007fc624003800 Exception <a 'java/lang/ClassNotFoundException'{0x00000000966435f8}: org/springframework/context/support/LiveBeansView> (0x00000000966435f8) thrown at [./src/hotspot/share/classfile/systemDictionary.cpp, line 231]
Event: 110.777 Thread 0x00007fc624003800 Exception <a 'java/lang/ClassNotFoundException'{0x00000000966439a0}: org/springframework/context/support/LiveBeansView> (0x00000000966439a0) thrown at [./src/hotspot/share/classfile/systemDictionary.cpp, line 231]
Event: 110.777 Thread 0x00007fc624003800 Exception <a 'java/lang/ClassNotFoundException'{0x0000000096643d60}: org/springframework/context/support/LiveBeansView> (0x0000000096643d60) thrown at [./src/hotspot/share/classfile/systemDictionary.cpp, line 231]
Event: 110.779 Thread 0x00007fc624003800 Exception <a 'java/lang/ClassNotFoundException'{0x000000009667dce0}: org/springframework/context/support/LiveBeansView> (0x000000009667dce0) thrown at [./src/hotspot/share/classfile/systemDictionary.cpp, line 231]
Event: 110.779 Thread 0x00007fc624003800 Exception <a 'java/lang/ClassNotFoundException'{0x000000009667e098}: org/springframework/context/support/LiveBeansView> (0x000000009667e098) thrown at [./src/hotspot/share/classfile/systemDictionary.cpp, line 231]
Event: 110.779 Thread 0x00007fc624003800 Exception <a 'java/lang/ClassNotFoundException'{0x000000009667e460}: org/springframework/context/support/LiveBeansView> (0x000000009667e460) thrown at [./src/hotspot/share/classfile/systemDictionary.cpp, line 231]
Event: 110.779 Thread 0x00007fc624003800 Exception <a 'java/lang/ClassNotFoundException'{0x000000009667ea60}: org/springframework/context/support/LiveBeansView> (0x000000009667ea60) thrown at [./src/hotspot/share/classfile/systemDictionary.cpp, line 231]
Event: 110.779 Thread 0x00007fc624003800 Exception <a 'java/lang/ClassNotFoundException'{0x000000009667ee10}: org/springframework/context/support/LiveBeansView> (0x000000009667ee10) thrown at [./src/hotspot/share/classfile/systemDictionary.cpp, line 231]
Event: 110.796 Thread 0x00007fc624003800 Exception <a 'java/security/PrivilegedActionException'{0x00000000966823a0}> (0x00000000966823a0) thrown at [./src/hotspot/share/prims/jvm.cpp, line 1297]

Events (20 events):
Event: 162.609 loading class org/springframework/cglib/core/ReflectUtils$3 done
Event: 162.609 loading class java/lang/ClassFormatError
Event: 162.628 loading class java/lang/ClassFormatError done
Event: 162.633 loading class org/springframework/cglib/core/ReflectUtils$5
Event: 162.633 loading class org/springframework/cglib/core/ReflectUtils$5 done
Event: 162.672 loading class org/springframework/cglib/core/ReflectUtils$4
Event: 162.672 loading class org/springframework/cglib/core/ReflectUtils$4 done
Event: 162.696 loading class org/springframework/cglib/core/WeakCacheKey
Event: 162.696 loading class org/springframework/cglib/core/WeakCacheKey done
Event: 162.705 loading class org/springframework/cglib/core/ClassEmitter$1
Event: 162.705 loading class org/springframework/cglib/core/ClassEmitter$1 done
Event: 162.711 loading class org/springframework/cglib/core/ClassInfo
Event: 162.711 loading class org/springframework/cglib/core/ClassInfo done
Event: 162.740 loading class org/springframework/cglib/core/EmitUtils
Event: 162.740 loading class org/springframework/cglib/core/EmitUtils done
Event: 162.777 loading class org/springframework/cglib/core/EmitUtils$ArrayDelimiters
Event: 162.777 loading class org/springframework/cglib/core/EmitUtils$ArrayDelimiters done
Event: 162.778 loading class org/springframework/asm/Label
Event: 162.778 loading class org/springframework/asm/Label done
Event: 162.788 Executing VM operation: G1CollectForAllocation


Dynamic libraries:
8a400000-96900000 rw-p 00000000 00:00 0 
a3000000-ffe00000 ---p 00000000 00:00 0 
ffe00000-ffe47000 rw-p 0110b000 b3:02 2097932                            /usr/lib/jvm/java-11-openjdk-amd64/lib/server/classes.jsa
ffe47000-fff00000 rw-p 00000000 00:00 0 
fff00000-fff6a000 rw-p 010a1000 b3:02 2097932                            /usr/lib/jvm/java-11-openjdk-amd64/lib/server/classes.jsa
fff6a000-100000000 rw-p 00000000 00:00 0 
800000000-800002000 rwxp 00001000 b3:02 2097932                          /usr/lib/jvm/java-11-openjdk-amd64/lib/server/classes.jsa
800002000-8003b8000 rw-p 00003000 b3:02 2097932                          /usr/lib/jvm/java-11-openjdk-amd64/lib/server/classes.jsa
8003b8000-800a93000 r--p 003b9000 b3:02 2097932                          /usr/lib/jvm/java-11-openjdk-amd64/lib/server/classes.jsa
800a93000-800a94000 rw-p 00a94000 b3:02 2097932                          /usr/lib/jvm/java-11-openjdk-amd64/lib/server/classes.jsa
800a94000-8010a0000 r--p 00a95000 b3:02 2097932                          /usr/lib/jvm/java-11-openjdk-amd64/lib/server/classes.jsa
840000000-8403c0000 rw-p 00000000 00:00 0 
8403c0000-880000000 ---p 00000000 00:00 0 
558dea5b7000-558dea5b8000 r-xp 00000000 b3:02 2104190                    /usr/lib/jvm/java-11-openjdk-amd64/bin/java
558dea7b8000-558dea7b9000 r--p 00001000 b3:02 2104190                    /usr/lib/jvm/java-11-openjdk-amd64/bin/java
558dea7b9000-558dea7ba000 rw-p 00002000 b3:02 2104190                    /usr/lib/jvm/java-11-openjdk-amd64/bin/java
558dec633000-558dec675000 rw-p 00000000 00:00 0                          [heap]
7fc6238fb000-7fc623a7b000 rw-p 00000000 00:00 0 
7fc623a7b000-7fc623aff000 ---p 00000000 00:00 0 
7fc623aff000-7fc623bfc000 rw-p 00000000 00:00 0 
7fc623bfc000-7fc623c00000 ---p 00000000 00:00 0 
7fc623c00000-7fc623cfd000 rw-p 00000000 00:00 0 
7fc623cfd000-7fc623d01000 ---p 00000000 00:00 0 
7fc623d01000-7fc623dfe000 rw-p 00000000 00:00 0 
7fc623dfe000-7fc623e02000 ---p 00000000 00:00 0 
7fc623e02000-7fc623eff000 rw-p 00000000 00:00 0 
7fc623eff000-7fc623f03000 ---p 00000000 00:00 0 
7fc623f03000-7fc624000000 rw-p 00000000 00:00 0 
7fc624000000-7fc624021000 rw-p 00000000 00:00 0 
7fc624021000-7fc628000000 ---p 00000000 00:00 0 
7fc628000000-7fc628021000 rw-p 00000000 00:00 0 
7fc628021000-7fc62c000000 ---p 00000000 00:00 0 
7fc62c000000-7fc62c027000 rw-p 00000000 00:00 0 
7fc62c027000-7fc630000000 ---p 00000000 00:00 0 
7fc630000000-7fc630021000 rw-p 00000000 00:00 0 
7fc630021000-7fc634000000 ---p 00000000 00:00 0 
7fc634000000-7fc634021000 rw-p 00000000 00:00 0 
7fc634021000-7fc638000000 ---p 00000000 00:00 0 
7fc638000000-7fc638445000 rw-p 00000000 00:00 0 
7fc638445000-7fc63c000000 ---p 00000000 00:00 0 
7fc63c000000-7fc63c303000 rw-p 00000000 00:00 0 
7fc63c303000-7fc640000000 ---p 00000000 00:00 0 
7fc640000000-7fc640021000 rw-p 00000000 00:00 0 
7fc640021000-7fc644000000 ---p 00000000 00:00 0 
7fc644000000-7fc644021000 rw-p 00000000 00:00 0 
7fc644021000-7fc648000000 ---p 00000000 00:00 0 
7fc648000000-7fc648052000 rw-p 00000000 00:00 0 
7fc648052000-7fc64c000000 ---p 00000000 00:00 0 
7fc64c000000-7fc64c0bf000 rw-p 00000000 00:00 0 
7fc64c0bf000-7fc650000000 ---p 00000000 00:00 0 
7fc650000000-7fc650021000 rw-p 00000000 00:00 0 
7fc650021000-7fc654000000 ---p 00000000 00:00 0 
7fc6540c8000-7fc6542c8000 rw-p 00000000 00:00 0 
7fc6542c8000-7fc6544b4000 rw-p 00000000 00:00 0 
7fc6544b4000-7fc6544c8000 ---p 00000000 00:00 0 
7fc6544c8000-7fc6546c8000 rw-p 00000000 00:00 0 
7fc6546c8000-7fc6548c8000 rw-p 00000000 00:00 0 
7fc6548c8000-7fc654ac8000 rw-p 00000000 00:00 0 
7fc654ac8000-7fc654adf000 r-xp 00000000 b3:02 526347                     /lib/x86_64-linux-gnu/libresolv-2.27.so
7fc654adf000-7fc654cdf000 ---p 00017000 b3:02 526347                     /lib/x86_64-linux-gnu/libresolv-2.27.so
7fc654cdf000-7fc654ce0000 r--p 00017000 b3:02 526347                     /lib/x86_64-linux-gnu/libresolv-2.27.so
7fc654ce0000-7fc654ce1000 rw-p 00018000 b3:02 526347                     /lib/x86_64-linux-gnu/libresolv-2.27.so
7fc654ce1000-7fc654ce3000 rw-p 00000000 00:00 0 
7fc654ce3000-7fc654ce8000 r-xp 00000000 b3:02 526314                     /lib/x86_64-linux-gnu/libnss_dns-2.27.so
7fc654ce8000-7fc654ee8000 ---p 00005000 b3:02 526314                     /lib/x86_64-linux-gnu/libnss_dns-2.27.so
7fc654ee8000-7fc654ee9000 r--p 00005000 b3:02 526314                     /lib/x86_64-linux-gnu/libnss_dns-2.27.so
7fc654ee9000-7fc654eea000 rw-p 00006000 b3:02 526314                     /lib/x86_64-linux-gnu/libnss_dns-2.27.so
7fc654eea000-7fc654eec000 r-xp 00000000 b3:02 529887                     /lib/x86_64-linux-gnu/libnss_mdns4_minimal.so.2
7fc654eec000-7fc6550eb000 ---p 00002000 b3:02 529887                     /lib/x86_64-linux-gnu/libnss_mdns4_minimal.so.2
7fc6550eb000-7fc6550ec000 r--p 00001000 b3:02 529887                     /lib/x86_64-linux-gnu/libnss_mdns4_minimal.so.2
7fc6550ec000-7fc6550ed000 rw-p 00002000 b3:02 529887                     /lib/x86_64-linux-gnu/libnss_mdns4_minimal.so.2
7fc6550ed000-7fc6550f1000 ---p 00000000 00:00 0 
7fc6550f1000-7fc6553ee000 rw-p 00000000 00:00 0 
7fc6553ee000-7fc6553f2000 ---p 00000000 00:00 0 
7fc6553f2000-7fc6554ef000 rw-p 00000000 00:00 0 
7fc6554ef000-7fc6554f3000 ---p 00000000 00:00 0 
7fc6554f3000-7fc6555f0000 rw-p 00000000 00:00 0 
7fc6555f0000-7fc6555f4000 ---p 00000000 00:00 0 
7fc6555f4000-7fc6556f1000 rw-p 00000000 00:00 0 
7fc6556f1000-7fc6556f5000 ---p 00000000 00:00 0 
7fc6556f5000-7fc6557f2000 rw-p 00000000 00:00 0 
7fc6557f2000-7fc6557f6000 ---p 00000000 00:00 0 
7fc6557f6000-7fc6558f3000 rw-p 00000000 00:00 0 
7fc6558f3000-7fc6558f4000 ---p 00000000 00:00 0 
7fc6558f4000-7fc6559f5000 rw-p 00000000 00:00 0 
7fc6559f5000-7fc6559f9000 ---p 00000000 00:00 0 
7fc6559f9000-7fc655af6000 rw-p 00000000 00:00 0 
7fc655af6000-7fc655afa000 ---p 00000000 00:00 0 
7fc655afa000-7fc655bf7000 rw-p 00000000 00:00 0 
7fc655bf7000-7fc655bf9000 r-xp 00000000 b3:02 2107545                    /usr/lib/jvm/java-11-openjdk-amd64/lib/libextnet.so
7fc655bf9000-7fc655df8000 ---p 00002000 b3:02 2107545                    /usr/lib/jvm/java-11-openjdk-amd64/lib/libextnet.so
7fc655df8000-7fc655df9000 r--p 00001000 b3:02 2107545                    /usr/lib/jvm/java-11-openjdk-amd64/lib/libextnet.so
7fc655df9000-7fc655dfa000 rw-p 00002000 b3:02 2107545                    /usr/lib/jvm/java-11-openjdk-amd64/lib/libextnet.so
7fc655dfa000-7fc655dff000 r-xp 00000000 b3:02 2107589                    /usr/lib/jvm/java-11-openjdk-amd64/lib/libmanagement_ext.so
7fc655dff000-7fc655ffe000 ---p 00005000 b3:02 2107589                    /usr/lib/jvm/java-11-openjdk-amd64/lib/libmanagement_ext.so
7fc655ffe000-7fc655fff000 r--p 00004000 b3:02 2107589                    /usr/lib/jvm/java-11-openjdk-amd64/lib/libmanagement_ext.so
7fc655fff000-7fc656000000 rw-p 00005000 b3:02 2107589                    /usr/lib/jvm/java-11-openjdk-amd64/lib/libmanagement_ext.so
7fc656000000-7fc658000000 rw-p 00000000 00:00 0 
7fc658000000-7fc658021000 rw-p 00000000 00:00 0 
7fc658021000-7fc65c000000 ---p 00000000 00:00 0 
7fc65c003000-7fc65c007000 ---p 00000000 00:00 0 
7fc65c007000-7fc65c104000 rw-p 00000000 00:00 0 
7fc65c104000-7fc65c108000 r-xp 00000000 b3:02 2107587                    /usr/lib/jvm/java-11-openjdk-amd64/lib/libmanagement.so
7fc65c108000-7fc65c307000 ---p 00004000 b3:02 2107587                    /usr/lib/jvm/java-11-openjdk-amd64/lib/libmanagement.so
7fc65c307000-7fc65c308000 r--p 00003000 b3:02 2107587                    /usr/lib/jvm/java-11-openjdk-amd64/lib/libmanagement.so
7fc65c308000-7fc65c309000 rw-p 00004000 b3:02 2107587                    /usr/lib/jvm/java-11-openjdk-amd64/lib/libmanagement.so
7fc65c309000-7fc65c31f000 r-xp 00000000 b3:02 2107591                    /usr/lib/jvm/java-11-openjdk-amd64/lib/libnet.so
7fc65c31f000-7fc65c51e000 ---p 00016000 b3:02 2107591                    /usr/lib/jvm/java-11-openjdk-amd64/lib/libnet.so
7fc65c51e000-7fc65c51f000 r--p 00015000 b3:02 2107591                    /usr/lib/jvm/java-11-openjdk-amd64/lib/libnet.so
7fc65c51f000-7fc65c520000 rw-p 00016000 b3:02 2107591                    /usr/lib/jvm/java-11-openjdk-amd64/lib/libnet.so
7fc65c520000-7fc65c834000 rw-p 00000000 00:00 0 
7fc65c834000-7fc65e288000 ---p 00000000 00:00 0 
7fc65e288000-7fc65e5a4000 rw-p 00000000 00:00 0 
7fc65e5a4000-7fc65fff8000 ---p 00000000 00:00 0 
7fc65fff8000-7fc660000000 rw-p 00000000 00:00 0 
7fc660000000-7fc660021000 rw-p 00000000 00:00 0 
7fc660021000-7fc664000000 ---p 00000000 00:00 0 
7fc6640f5000-7fc6640f6000 ---p 00000000 00:00 0 
7fc6640f6000-7fc6641f7000 rw-p 00000000 00:00 0 
7fc6641f7000-7fc664207000 r-xp 00000000 b3:02 2107592                    /usr/lib/jvm/java-11-openjdk-amd64/lib/libnio.so
7fc664207000-7fc664406000 ---p 00010000 b3:02 2107592                    /usr/lib/jvm/java-11-openjdk-amd64/lib/libnio.so
7fc664406000-7fc664407000 r--p 0000f000 b3:02 2107592                    /usr/lib/jvm/java-11-openjdk-amd64/lib/libnio.so
7fc664407000-7fc664408000 rw-p 00010000 b3:02 2107592                    /usr/lib/jvm/java-11-openjdk-amd64/lib/libnio.so
7fc664408000-7fc66440c000 ---p 00000000 00:00 0 
7fc66440c000-7fc664509000 rw-p 00000000 00:00 0 
7fc664509000-7fc66450d000 ---p 00000000 00:00 0 
7fc66450d000-7fc66460a000 rw-p 00000000 00:00 0 
7fc66460a000-7fc66460e000 ---p 00000000 00:00 0 
7fc66460e000-7fc66470b000 rw-p 00000000 00:00 0 
7fc66470b000-7fc66470f000 ---p 00000000 00:00 0 
7fc66470f000-7fc66480c000 rw-p 00000000 00:00 0 
7fc66480c000-7fc664810000 ---p 00000000 00:00 0 
7fc664810000-7fc66490d000 rw-p 00000000 00:00 0 
7fc66490d000-7fc664b7d000 rwxp 00000000 00:00 0 
7fc664b7d000-7fc664f27000 ---p 00000000 00:00 0 
7fc664f27000-7fc6654f7000 rwxp 00000000 00:00 0 
7fc6654f7000-7fc67390d000 ---p 00000000 00:00 0 
7fc67390d000-7fc67c000000 r--s 00000000 b3:02 2107619                    /usr/lib/jvm/java-11-openjdk-amd64/lib/modules
7fc67c000000-7fc67cf64000 rw-p 00000000 00:00 0 
7fc67cf64000-7fc680000000 ---p 00000000 00:00 0 
7fc680071000-7fc6800a2000 rw-p 00000000 00:00 0 
7fc6800a2000-7fc680380000 r--p 00000000 b3:02 2099266                    /usr/lib/locale/locale-archive
7fc680380000-7fc680384000 ---p 00000000 00:00 0 
7fc680384000-7fc680481000 rw-p 00000000 00:00 0 
7fc680481000-7fc680485000 ---p 00000000 00:00 0 
7fc680485000-7fc680582000 rw-p 00000000 00:00 0 
7fc680582000-7fc680583000 ---p 00000000 00:00 0 
7fc680583000-7fc680f60000 rw-p 00000000 00:00 0 
7fc680f60000-7fc680f61000 ---p 00000000 00:00 0 
7fc680f61000-7fc681062000 rw-p 00000000 00:00 0 
7fc681062000-7fc681063000 ---p 00000000 00:00 0 
7fc681063000-7fc681366000 rw-p 00000000 00:00 0 
7fc681366000-7fc681367000 ---p 00000000 00:00 0 
7fc681367000-7fc681468000 rw-p 00000000 00:00 0 
7fc681468000-7fc681469000 ---p 00000000 00:00 0 
7fc681469000-7fc6815cd000 rw-p 00000000 00:00 0 
7fc6815cd000-7fc681917000 ---p 00000000 00:00 0 
7fc681917000-7fc68197b000 rw-p 00000000 00:00 0 
7fc68197b000-7fc681cc5000 ---p 00000000 00:00 0 
7fc681cc5000-7fc681d29000 rw-p 00000000 00:00 0 
7fc681d29000-7fc682073000 ---p 00000000 00:00 0 
7fc682073000-7fc682276000 rw-p 00000000 00:00 0 
7fc682276000-7fc682277000 ---p 00000000 00:00 0 
7fc682277000-7fc682384000 rw-p 00000000 00:00 0 
7fc682384000-7fc68254c000 ---p 00000000 00:00 0 
7fc68254c000-7fc682551000 r-xp 00000000 b3:02 2107582                    /usr/lib/jvm/java-11-openjdk-amd64/lib/libjimage.so
7fc682551000-7fc682750000 ---p 00005000 b3:02 2107582                    /usr/lib/jvm/java-11-openjdk-amd64/lib/libjimage.so
7fc682750000-7fc682751000 r--p 00004000 b3:02 2107582                    /usr/lib/jvm/java-11-openjdk-amd64/lib/libjimage.so
7fc682751000-7fc682752000 rw-p 00005000 b3:02 2107582                    /usr/lib/jvm/java-11-openjdk-amd64/lib/libjimage.so
7fc682752000-7fc682759000 r-xp 00000000 b3:02 2107618                    /usr/lib/jvm/java-11-openjdk-amd64/lib/libzip.so
7fc682759000-7fc682958000 ---p 00007000 b3:02 2107618                    /usr/lib/jvm/java-11-openjdk-amd64/lib/libzip.so
7fc682958000-7fc682959000 r--p 00006000 b3:02 2107618                    /usr/lib/jvm/java-11-openjdk-amd64/lib/libzip.so
7fc682959000-7fc68295a000 rw-p 00007000 b3:02 2107618                    /usr/lib/jvm/java-11-openjdk-amd64/lib/libzip.so
7fc68295a000-7fc682965000 r-xp 00000000 b3:02 526315                     /lib/x86_64-linux-gnu/libnss_files-2.27.so
7fc682965000-7fc682b64000 ---p 0000b000 b3:02 526315                     /lib/x86_64-linux-gnu/libnss_files-2.27.so
7fc682b64000-7fc682b65000 r--p 0000a000 b3:02 526315                     /lib/x86_64-linux-gnu/libnss_files-2.27.so
7fc682b65000-7fc682b66000 rw-p 0000b000 b3:02 526315                     /lib/x86_64-linux-gnu/libnss_files-2.27.so
7fc682b66000-7fc682b6c000 rw-p 00000000 00:00 0 
7fc682b6c000-7fc682b83000 r-xp 00000000 b3:02 526310                     /lib/x86_64-linux-gnu/libnsl-2.27.so
7fc682b83000-7fc682d82000 ---p 00017000 b3:02 526310                     /lib/x86_64-linux-gnu/libnsl-2.27.so
7fc682d82000-7fc682d83000 r--p 00016000 b3:02 526310                     /lib/x86_64-linux-gnu/libnsl-2.27.so
7fc682d83000-7fc682d84000 rw-p 00017000 b3:02 526310                     /lib/x86_64-linux-gnu/libnsl-2.27.so
7fc682d84000-7fc682d86000 rw-p 00000000 00:00 0 
7fc682d86000-7fc682d91000 r-xp 00000000 b3:02 526331                     /lib/x86_64-linux-gnu/libnss_nis-2.27.so
7fc682d91000-7fc682f90000 ---p 0000b000 b3:02 526331                     /lib/x86_64-linux-gnu/libnss_nis-2.27.so
7fc682f90000-7fc682f91000 r--p 0000a000 b3:02 526331                     /lib/x86_64-linux-gnu/libnss_nis-2.27.so
7fc682f91000-7fc682f92000 rw-p 0000b000 b3:02 526331                     /lib/x86_64-linux-gnu/libnss_nis-2.27.so
7fc682f92000-7fc682f9a000 r-xp 00000000 b3:02 526313                     /lib/x86_64-linux-gnu/libnss_compat-2.27.so
7fc682f9a000-7fc68319a000 ---p 00008000 b3:02 526313                     /lib/x86_64-linux-gnu/libnss_compat-2.27.so
7fc68319a000-7fc68319b000 r--p 00008000 b3:02 526313                     /lib/x86_64-linux-gnu/libnss_compat-2.27.so
7fc68319b000-7fc68319c000 rw-p 00009000 b3:02 526313                     /lib/x86_64-linux-gnu/libnss_compat-2.27.so
7fc68319c000-7fc6831c5000 r-xp 00000000 b3:02 2107566                    /usr/lib/jvm/java-11-openjdk-amd64/lib/libjava.so
7fc6831c5000-7fc6833c4000 ---p 00029000 b3:02 2107566                    /usr/lib/jvm/java-11-openjdk-amd64/lib/libjava.so
7fc6833c4000-7fc6833c5000 r--p 00028000 b3:02 2107566                    /usr/lib/jvm/java-11-openjdk-amd64/lib/libjava.so
7fc6833c5000-7fc6833c7000 rw-p 00029000 b3:02 2107566                    /usr/lib/jvm/java-11-openjdk-amd64/lib/libjava.so
7fc6833c7000-7fc6833d4000 r-xp 00000000 b3:02 2107617                    /usr/lib/jvm/java-11-openjdk-amd64/lib/libverify.so
7fc6833d4000-7fc6835d3000 ---p 0000d000 b3:02 2107617                    /usr/lib/jvm/java-11-openjdk-amd64/lib/libverify.so
7fc6835d3000-7fc6835d5000 r--p 0000c000 b3:02 2107617                    /usr/lib/jvm/java-11-openjdk-amd64/lib/libverify.so
7fc6835d5000-7fc6835d6000 rw-p 0000e000 b3:02 2107617                    /usr/lib/jvm/java-11-openjdk-amd64/lib/libverify.so
7fc6835d6000-7fc6835dd000 r-xp 00000000 b3:02 526371                     /lib/x86_64-linux-gnu/librt-2.27.so
7fc6835dd000-7fc6837dc000 ---p 00007000 b3:02 526371                     /lib/x86_64-linux-gnu/librt-2.27.so
7fc6837dc000-7fc6837dd000 r--p 00006000 b3:02 526371                     /lib/x86_64-linux-gnu/librt-2.27.so
7fc6837dd000-7fc6837de000 rw-p 00007000 b3:02 526371                     /lib/x86_64-linux-gnu/librt-2.27.so
7fc6837de000-7fc6837f5000 r-xp 00000000 b3:02 529681                     /lib/x86_64-linux-gnu/libgcc_s.so.1
7fc6837f5000-7fc6839f4000 ---p 00017000 b3:02 529681                     /lib/x86_64-linux-gnu/libgcc_s.so.1
7fc6839f4000-7fc6839f5000 r--p 00016000 b3:02 529681                     /lib/x86_64-linux-gnu/libgcc_s.so.1
7fc6839f5000-7fc6839f6000 rw-p 00017000 b3:02 529681                     /lib/x86_64-linux-gnu/libgcc_s.so.1
7fc6839f6000-7fc683b93000 r-xp 00000000 b3:02 526300                     /lib/x86_64-linux-gnu/libm-2.27.so
7fc683b93000-7fc683d92000 ---p 0019d000 b3:02 526300                     /lib/x86_64-linux-gnu/libm-2.27.so
7fc683d92000-7fc683d93000 r--p 0019c000 b3:02 526300                     /lib/x86_64-linux-gnu/libm-2.27.so
7fc683d93000-7fc683d94000 rw-p 0019d000 b3:02 526300                     /lib/x86_64-linux-gnu/libm-2.27.so
7fc683d94000-7fc683f0d000 r-xp 00000000 b3:02 2099060                    /usr/lib/x86_64-linux-gnu/libstdc++.so.6.0.25
7fc683f0d000-7fc68410d000 ---p 00179000 b3:02 2099060                    /usr/lib/x86_64-linux-gnu/libstdc++.so.6.0.25
7fc68410d000-7fc684117000 r--p 00179000 b3:02 2099060                    /usr/lib/x86_64-linux-gnu/libstdc++.so.6.0.25
7fc684117000-7fc684119000 rw-p 00183000 b3:02 2099060                    /usr/lib/x86_64-linux-gnu/libstdc++.so.6.0.25
7fc684119000-7fc68411d000 rw-p 00000000 00:00 0 
7fc68411d000-7fc6851fa000 r-xp 00000000 b3:02 2107622                    /usr/lib/jvm/java-11-openjdk-amd64/lib/server/libjvm.so
7fc6851fa000-7fc6853f9000 ---p 010dd000 b3:02 2107622                    /usr/lib/jvm/java-11-openjdk-amd64/lib/server/libjvm.so
7fc6853f9000-7fc6854b6000 r--p 010dc000 b3:02 2107622                    /usr/lib/jvm/java-11-openjdk-amd64/lib/server/libjvm.so
7fc6854b6000-7fc6854f0000 rw-p 01199000 b3:02 2107622                    /usr/lib/jvm/java-11-openjdk-amd64/lib/server/libjvm.so
7fc6854f0000-7fc685546000 rw-p 00000000 00:00 0 
7fc685546000-7fc685560000 r-xp 00000000 b3:02 526340                     /lib/x86_64-linux-gnu/libpthread-2.27.so
7fc685560000-7fc68575f000 ---p 0001a000 b3:02 526340                     /lib/x86_64-linux-gnu/libpthread-2.27.so
7fc68575f000-7fc685760000 r--p 00019000 b3:02 526340                     /lib/x86_64-linux-gnu/libpthread-2.27.so
7fc685760000-7fc685761000 rw-p 0001a000 b3:02 526340                     /lib/x86_64-linux-gnu/libpthread-2.27.so
7fc685761000-7fc685765000 rw-p 00000000 00:00 0 
7fc685765000-7fc685768000 r-xp 00000000 b3:02 526285                     /lib/x86_64-linux-gnu/libdl-2.27.so
7fc685768000-7fc685967000 ---p 00003000 b3:02 526285                     /lib/x86_64-linux-gnu/libdl-2.27.so
7fc685967000-7fc685968000 r--p 00002000 b3:02 526285                     /lib/x86_64-linux-gnu/libdl-2.27.so
7fc685968000-7fc685969000 rw-p 00003000 b3:02 526285                     /lib/x86_64-linux-gnu/libdl-2.27.so
7fc685969000-7fc685985000 r-xp 00000000 b3:02 529963                     /lib/x86_64-linux-gnu/libz.so.1.2.11
7fc685985000-7fc685b84000 ---p 0001c000 b3:02 529963                     /lib/x86_64-linux-gnu/libz.so.1.2.11
7fc685b84000-7fc685b85000 r--p 0001b000 b3:02 529963                     /lib/x86_64-linux-gnu/libz.so.1.2.11
7fc685b85000-7fc685b86000 rw-p 0001c000 b3:02 529963                     /lib/x86_64-linux-gnu/libz.so.1.2.11
7fc685b86000-7fc685d6d000 r-xp 00000000 b3:02 525212                     /lib/x86_64-linux-gnu/libc-2.27.so
7fc685d6d000-7fc685f6d000 ---p 001e7000 b3:02 525212                     /lib/x86_64-linux-gnu/libc-2.27.so
7fc685f6d000-7fc685f71000 r--p 001e7000 b3:02 525212                     /lib/x86_64-linux-gnu/libc-2.27.so
7fc685f71000-7fc685f73000 rw-p 001eb000 b3:02 525212                     /lib/x86_64-linux-gnu/libc-2.27.so
7fc685f73000-7fc685f77000 rw-p 00000000 00:00 0 
7fc685f77000-7fc685f87000 r-xp 00000000 b3:02 2107506                    /usr/lib/jvm/java-11-openjdk-amd64/lib/jli/libjli.so
7fc685f87000-7fc686186000 ---p 00010000 b3:02 2107506                    /usr/lib/jvm/java-11-openjdk-amd64/lib/jli/libjli.so
7fc686186000-7fc686187000 r--p 0000f000 b3:02 2107506                    /usr/lib/jvm/java-11-openjdk-amd64/lib/jli/libjli.so
7fc686187000-7fc686188000 rw-p 00010000 b3:02 2107506                    /usr/lib/jvm/java-11-openjdk-amd64/lib/jli/libjli.so
7fc686188000-7fc6861af000 r-xp 00000000 b3:02 525196                     /lib/x86_64-linux-gnu/ld-2.27.so
7fc6861dd000-7fc68628b000 rw-p 00000000 00:00 0 
7fc68628b000-7fc686293000 ---p 00000000 00:00 0 
7fc686293000-7fc686297000 ---p 00000000 00:00 0 
7fc686297000-7fc686396000 rw-p 00000000 00:00 0 
7fc6863a1000-7fc6863a3000 r--s 00007000 b3:02 2490515                    /usr/share/java/java-atk-wrapper.jar
7fc6863a3000-7fc6863ab000 rw-s 00000000 b3:02 396174                     /tmp/hsperfdata_bridgelabz/13460
7fc6863ab000-7fc6863ac000 ---p 00000000 00:00 0 
7fc6863ac000-7fc6863ad000 r--p 00000000 00:00 0 
7fc6863ad000-7fc6863af000 rw-p 00000000 00:00 0 
7fc6863af000-7fc6863b0000 r--p 00027000 b3:02 525196                     /lib/x86_64-linux-gnu/ld-2.27.so
7fc6863b0000-7fc6863b1000 rw-p 00028000 b3:02 525196                     /lib/x86_64-linux-gnu/ld-2.27.so
7fc6863b1000-7fc6863b2000 rw-p 00000000 00:00 0 
7ffe56b9e000-7ffe56bc3000 rw-p 00000000 00:00 0                          [stack]
7ffe56bdd000-7ffe56be0000 r--p 00000000 00:00 0                          [vvar]
7ffe56be0000-7ffe56be2000 r-xp 00000000 00:00 0                          [vdso]
ffffffffff600000-ffffffffff601000 r-xp 00000000 00:00 0                  [vsyscall]


VM Arguments:
jvm_args: -Dcom.sun.management.jmxremote -Dcom.sun.management.jmxremote.port=43569 -Dcom.sun.management.jmxremote.authenticate=false -Dcom.sun.management.jmxremote.ssl=false -Djava.rmi.server.hostname=localhost -Dspring.jmx.enabled=true -Dspring.application.admin.enabled=true -Djava.security.egd=file:/dev/./urandom -Xverify:none -XX:TieredStopAtLevel=1 -Dspring.boot.project.name=eureka-discovery -Dfile.encoding=UTF-8 
java_command: com.eurekadiscovery.demo.EurekaDiscoveryApplication --spring.output.ansi.enabled=always
java_class_path (initial): /home/bridgelabz/Videos/eureka-discovery/target/classes:/home/bridgelabz/.m2/repository/org/springframework/boot/spring-boot-starter-web/2.3.1.RELEASE/spring-boot-starter-web-2.3.1.RELEASE.jar:/home/bridgelabz/.m2/repository/org/springframework/boot/spring-boot-starter/2.3.1.RELEASE/spring-boot-starter-2.3.1.RELEASE.jar:/home/bridgelabz/.m2/repository/org/springframework/boot/spring-boot/2.3.1.RELEASE/spring-boot-2.3.1.RELEASE.jar:/home/bridgelabz/.m2/repository/org/springframework/boot/spring-boot-autoconfigure/2.3.1.RELEASE/spring-boot-autoconfigure-2.3.1.RELEASE.jar:/home/bridgelabz/.m2/repository/org/springframework/boot/spring-boot-starter-logging/2.3.1.RELEASE/spring-boot-starter-logging-2.3.1.RELEASE.jar:/home/bridgelabz/.m2/repository/ch/qos/logback/logback-classic/1.2.3/logback-classic-1.2.3.jar:/home/bridgelabz/.m2/repository/ch/qos/logback/logback-core/1.2.3/logback-core-1.2.3.jar:/home/bridgelabz/.m2/repository/org/apache/logging/log4j/log4j-to-slf4j/2.13.3/log4j-to-slf4j-2.13.3.jar:/home/bridgelabz/.m2/repository/org/apache/logging/log4j/log4j-api/2.13.3/log4j-api-2.13.3.jar:/home/bridgelabz/.m2/repository/org/slf4j/jul-to-slf4j/1.7.30/jul-to-slf4j-1.7.30.jar:/home/bridgelabz/.m2/repository/jakarta/annotation/jakarta.annotation-api/1.3.5/jakarta.annotation-api-1.3.5.jar:/home/bridgelabz/.m2/repository/org/yaml/snakeyaml/1.26/snakeyaml-1.26.jar:/home/bridgelabz/.m2/repository/org/springframework/boot/spring-boot-starter-json/2.3.1.RELEASE/spring-boot-starter-json-2.3.1.RELEASE.jar:/home/bridgelabz/.m2/repository/com/fasterxml/jackson/core/jackson-databind/2.11.0/jackson-databind-2.11.0.jar:/home/bridgelabz/.m2/repository/com/fasterxml/jackson/core/jackson-annotations/2.11.0/jackson-annotations-2.11.0.jar:/home/bridgelabz/.m2/repository/com/fasterxml/jackson/core/jackson-core/2.11.0/jackson-core-2.11.0.jar:/home/bridgelabz/.m2/repository/com/fasterxml/jackson/datatype/jackson-datatype-jdk8/2.11.0/jackson-datatype-jdk8-2.11.0.j
Launcher Type: SUN_STANDARD

[Global flags]
     bool BytecodeVerificationLocal                = false                                     {product} {command line}
     bool BytecodeVerificationRemote               = false                                     {product} {command line}
     intx CICompilerCount                          = 2                                         {product} {ergonomic}
     uint ConcGCThreads                            = 1                                         {product} {ergonomic}
     uint G1ConcRefinementThreads                  = 2                                         {product} {ergonomic}
   size_t G1HeapRegionSize                         = 1048576                                   {product} {ergonomic}
    uintx GCDrainStackTargetSize                   = 64                                        {product} {ergonomic}
   size_t InitialHeapSize                          = 123731968                                 {product} {ergonomic}
     bool ManagementServer                         = true                                      {product} {command line}
   size_t MarkStackSize                            = 4194304                                   {product} {ergonomic}
   size_t MaxHeapSize                              = 1975517184                                {product} {ergonomic}
   size_t MaxNewSize                               = 1184890880                                {product} {ergonomic}
   size_t MinHeapDeltaBytes                        = 1048576                                   {product} {ergonomic}
    uintx NonNMethodCodeHeapSize                   = 6396312                                {pd product} {ergonomic}
    uintx NonProfiledCodeHeapSize                  = 245261928                              {pd product} {ergonomic}
    uintx ProfiledCodeHeapSize                     = 0                                      {pd product} {ergonomic}
    uintx ReservedCodeCacheSize                    = 251658240                              {pd product} {ergonomic}
     bool SegmentedCodeCache                       = true                                      {product} {ergonomic}
     intx TieredStopAtLevel                        = 1                                         {product} {command line}
     bool UseCompressedClassPointers               = true                                 {lp64_product} {ergonomic}
     bool UseCompressedOops                        = true                                 {lp64_product} {ergonomic}
     bool UseG1GC                                  = true                                      {product} {ergonomic}

Logging:
Log output configuration:
 #0: stdout all=warning uptime,level,tags
 #1: stderr all=off uptime,level,tags

Environment Variables:
PATH=/usr/local/sbin:/usr/local/bin:/usr/sbin:/usr/bin:/sbin:/bin:/usr/games:/usr/local/games:/snap/bin
USERNAME=bridgelabz
SHELL=/bin/bash
DISPLAY=:0

Signal Handlers:
SIGSEGV: [libjvm.so+0xdf8d00], sa_mask[0]=11111111011111111101111111111110, sa_flags=SA_RESTART|SA_SIGINFO
SIGBUS: [libjvm.so+0xdf8d00], sa_mask[0]=11111111011111111101111111111110, sa_flags=SA_RESTART|SA_SIGINFO
SIGFPE: [libjvm.so+0xdf8d00], sa_mask[0]=11111111011111111101111111111110, sa_flags=SA_RESTART|SA_SIGINFO
SIGPIPE: [libjvm.so+0xbcbc30], sa_mask[0]=11111111011111111101111111111110, sa_flags=SA_RESTART|SA_SIGINFO
SIGXFSZ: [libjvm.so+0xbcbc30], sa_mask[0]=11111111011111111101111111111110, sa_flags=SA_RESTART|SA_SIGINFO
SIGILL: [libjvm.so+0xdf8d00], sa_mask[0]=11111111011111111101111111111110, sa_flags=SA_RESTART|SA_SIGINFO
SIGUSR2: [libjvm.so+0xbcbad0], sa_mask[0]=00100000000000000000000000000000, sa_flags=SA_RESTART|SA_SIGINFO
SIGHUP: [libjvm.so+0xbcbe30], sa_mask[0]=11111111011111111101111111111110, sa_flags=SA_RESTART|SA_SIGINFO
SIGINT: [libjvm.so+0xbcbe30], sa_mask[0]=11111111011111111101111111111110, sa_flags=SA_RESTART|SA_SIGINFO
SIGTERM: [libjvm.so+0xbcbe30], sa_mask[0]=11111111011111111101111111111110, sa_flags=SA_RESTART|SA_SIGINFO
SIGQUIT: [libjvm.so+0xbcbe30], sa_mask[0]=11111111011111111101111111111110, sa_flags=SA_RESTART|SA_SIGINFO


---------------  S Y S T E M  ---------------

OS:DISTRIB_ID=Ubuntu
DISTRIB_RELEASE=18.04
DISTRIB_CODENAME=bionic
DISTRIB_DESCRIPTION="Ubuntu 18.04.4 LTS"
uname:Linux 4.15.0-109-generic #110-Ubuntu SMP Tue Jun 23 02:39:32 UTC 2020 x86_64
OS uptime: 0 days 3:04 hours
libc:glibc 2.27 NPTL 2.27 
rlimit: STACK 8192k, CORE 0k, NPROC 29827, NOFILE 4096, AS infinity, CPU infinity, DATA infinity, FSIZE infinity
load average:34.10 16.04 7.15

/proc/meminfo:
MemTotal:        7711524 kB
MemFree:          108360 kB
MemAvailable:      31152 kB
Buffers:            1420 kB
Cached:           628880 kB
SwapCached:          652 kB
Active:          6267132 kB
Inactive:         920556 kB
Active(anon):    6251952 kB
Inactive(anon):   893260 kB
Active(file):      15180 kB
Inactive(file):    27296 kB
Unevictable:          64 kB
Mlocked:              64 kB
SwapTotal:       2097148 kB
SwapFree:              0 kB
Dirty:               216 kB
Writeback:           308 kB
AnonPages:       6557060 kB
Mapped:           243156 kB
Shmem:            587588 kB
Slab:             170652 kB
SReclaimable:      85028 kB
SUnreclaim:        85624 kB
KernelStack:       26912 kB
PageTables:       123596 kB
NFS_Unstable:          0 kB
Bounce:                0 kB
WritebackTmp:          0 kB
CommitLimit:     5952908 kB
Committed_AS:   21562476 kB
VmallocTotal:   34359738367 kB
VmallocUsed:           0 kB
VmallocChunk:          0 kB
HardwareCorrupted:     0 kB
AnonHugePages:         0 kB
ShmemHugePages:        0 kB
ShmemPmdMapped:        0 kB
CmaTotal:              0 kB
CmaFree:               0 kB
HugePages_Total:       0
HugePages_Free:        0
HugePages_Rsvd:        0
HugePages_Surp:        0
Hugepagesize:       2048 kB
DirectMap4k:      373152 kB
DirectMap2M:     7555072 kB
DirectMap1G:     2097152 kB


/proc/sys/kernel/threads-max (system-wide limit on the number of threads):
59655


/proc/sys/vm/max_map_count (maximum number of memory map areas a process may have):
262144


/proc/sys/kernel/pid_max (system-wide limit on number of process identifiers):
32768



container (cgroup) information:
container_type: cgroupv1
cpu_cpuset_cpus: 0-1
cpu_memory_nodes: 0
active_processor_count: 2
cpu_quota: -1
cpu_period: 100000
cpu_shares: -1
memory_limit_in_bytes: -1
memory_and_swap_limit_in_bytes: -2
memory_soft_limit_in_bytes: -1
memory_usage_in_bytes: 7359262720
memory_max_usage_in_bytes: 0

Steal ticks since vm start: 0
Steal ticks percentage since vm start:  0.000

CPU:total 2 (initial active 2) (2 cores per cpu, 1 threads per core) family 6 model 122 stepping 1, cmov, cx8, fxsr, mmx, sse, sse2, sse3, ssse3, sse4.1, sse4.2, popcnt, aes, clmul, erms, 3dnowpref, tsc, tscinvbit, sha
CPU Model and flags from /proc/cpuinfo:
model name	: Intel(R) Celeron(R) N4000 CPU @ 1.10GHz
flags		: fpu vme de pse tsc msr pae mce cx8 apic sep mtrr pge mca cmov pat pse36 clflush dts acpi mmx fxsr sse sse2 ss ht tm pbe syscall nx pdpe1gb rdtscp lm constant_tsc art arch_perfmon pebs bts rep_good nopl xtopology nonstop_tsc cpuid aperfmperf tsc_known_freq pni pclmulqdq dtes64 monitor ds_cpl vmx est tm2 ssse3 sdbg cx16 xtpr pdcm sse4_1 sse4_2 x2apic movbe popcnt tsc_deadline_timer aes xsave rdrand lahf_lm 3dnowprefetch cpuid_fault cat_l2 pti cdp_l2 ssbd ibrs ibpb stibp ibrs_enhanced tpr_shadow vnmi flexpriority ept vpid fsgsbase tsc_adjust smep erms mpx rdt_a rdseed smap clflushopt intel_pt sha_ni xsaveopt xsavec xgetbv1 xsaves dtherm ida arat pln pts umip rdpid md_clear arch_capabilities

Memory: 4k page, physical 7711524k(109368k free), swap 2097148k(0k free)

vm_info: OpenJDK 64-Bit Server VM (11.0.7+10-post-Ubuntu-2ubuntu218.04) for linux-amd64 JRE (11.0.7+10-post-Ubuntu-2ubuntu218.04), built on Apr 15 2020 21:12:54 by "unknown" with gcc 7.5.0

END.
